Running on node(s): pn074 starting in: /vortexfs1/scratch/dylan.titmuss
Fri Mar 24 19:26:53 EDT 2023
Running Bayesian script on a single CPU core

Attaching package: ‘dplyr’

The following objects are masked from ‘package:stats’:

    filter, lag

The following objects are masked from ‘package:base’:

    intersect, setdiff, setequal, union

Loading required package: coda
Linked to JAGS 4.3.0
Loaded modules: basemod,bugs
[1] "004"
[1] "020"
[1] "021"
[1] "023"
[1] "072"
[1] "076"
[1] "077"
[1] "112"
[1] "113"
module glm loaded
Compiling model graph
   Resolving undeclared variables
   Allocating nodes
Graph information:
   Observed stochastic nodes: 204
   Unobserved stochastic nodes: 215
   Total graph size: 6637

Initializing model


################################################################################
# Gelman-Rubin Diagnostic
################################################################################

Generally the Gelman diagnostic should be < 1.05

Out of 616 variables: 2 > 1.01
                      0 > 1.05
                      0 > 1.1

The worst variables are:
                Point est. Upper C.I.
p.fac1[101,2]     1.022993   1.037418
p.fac1[102,2]     1.012080   1.019703
loglik[101]       1.008180   1.015680
ilr.fac1[101,2]   1.006373   1.011393
p.fac1[101,3]     1.005401   1.011955
ilr.fac1[102,2]   1.005342   1.008809
loglik[102]       1.005003   1.012171
p.fac1[99,2]      1.004661   1.009565
p.fac1[102,3]     1.004637   1.010515
p.fac1[59,2]      1.004158   1.006407

################################################################################
# Geweke Diagnostic
################################################################################

The Geweke diagnostic is a standard z-score, so we'd expect 5% to be outside +/-1.96
Number of variables outside +/-1.96 in each chain (out of 616):

       Chain 1 Chain 2 Chain 3
Geweke      23      42      37

################################################################################
# Summary Statistics
################################################################################

DIC = 1381.816

                   Mean    SD  2.5%    5%   25%   50%   75%   95% 97.5%
p.Station 1.EM1   0.549 0.043 0.464 0.478 0.520 0.549 0.578 0.618 0.631
p.Station 3.EM1   0.776 0.125 0.438 0.541 0.724 0.801 0.860 0.925 0.942
p.Station 4.EM1   0.873 0.105 0.612 0.684 0.834 0.902 0.943 0.976 0.982
p.Station 5.EM1   0.796 0.106 0.545 0.603 0.739 0.811 0.871 0.937 0.952
p.Station 7.EM1   0.820 0.142 0.411 0.518 0.777 0.861 0.914 0.960 0.969
p.Station 8.EM1   0.727 0.192 0.214 0.300 0.651 0.788 0.860 0.934 0.951
p.Station 9.EM1   0.801 0.147 0.379 0.486 0.753 0.844 0.899 0.953 0.965
p.Station 10.EM1  0.781 0.163 0.316 0.424 0.727 0.832 0.890 0.948 0.962
p.Station 11.EM1  0.806 0.106 0.550 0.610 0.754 0.824 0.881 0.941 0.955
p.Station 13.EM1  0.666 0.129 0.367 0.438 0.593 0.679 0.755 0.848 0.875
p.Station 14.EM1  0.742 0.119 0.445 0.528 0.681 0.758 0.824 0.901 0.923
p.Station 15.EM1  0.772 0.112 0.512 0.568 0.710 0.788 0.851 0.924 0.941
p.Station 17.EM1  0.812 0.103 0.568 0.624 0.760 0.830 0.885 0.944 0.957
p.Station 18.EM1  0.771 0.114 0.508 0.561 0.706 0.787 0.853 0.926 0.945
p.Station 19.EM1  0.788 0.119 0.514 0.571 0.723 0.807 0.875 0.942 0.958
p.Station 20.EM1  0.866 0.090 0.656 0.707 0.828 0.885 0.928 0.967 0.974
p.Station 21.EM1  0.848 0.093 0.625 0.678 0.801 0.867 0.914 0.959 0.969
p.Station 23.EM1  0.855 0.095 0.623 0.673 0.809 0.878 0.923 0.965 0.974
p.Station 24.EM1  0.641 0.155 0.317 0.373 0.540 0.654 0.756 0.874 0.906
p.Station 25.EM1  0.381 0.127 0.132 0.169 0.293 0.382 0.468 0.591 0.629
p.Station 26.EM1  0.711 0.146 0.392 0.448 0.618 0.729 0.822 0.916 0.936
p.Station 27.EM1  0.636 0.134 0.321 0.396 0.562 0.649 0.729 0.832 0.861
p.Station 28.EM1  0.751 0.118 0.462 0.534 0.693 0.770 0.831 0.906 0.925
p.Station 31.EM1  0.659 0.169 0.194 0.280 0.597 0.701 0.771 0.856 0.884
p.Station 32.EM1  0.655 0.141 0.351 0.409 0.566 0.668 0.756 0.866 0.895
p.Station 33.EM1  0.501 0.204 0.142 0.177 0.341 0.502 0.656 0.831 0.881
p.Station 34.EM1  0.481 0.188 0.123 0.162 0.343 0.494 0.620 0.775 0.825
p.Station 35.EM1  0.568 0.163 0.239 0.289 0.457 0.577 0.689 0.824 0.863
p.Station 36.EM1  0.537 0.197 0.171 0.218 0.386 0.538 0.689 0.858 0.899
p.Station 37.EM1  0.494 0.137 0.195 0.254 0.408 0.501 0.589 0.706 0.742
p.Station 38.EM1  0.402 0.217 0.089 0.116 0.232 0.359 0.541 0.827 0.890
p.Station 39.EM1  0.599 0.191 0.133 0.198 0.502 0.656 0.735 0.822 0.854
p.Station 40.EM1  0.588 0.139 0.281 0.349 0.502 0.599 0.685 0.800 0.832
p.Station 41.EM1  0.533 0.127 0.240 0.309 0.456 0.541 0.621 0.726 0.758
p.Station 42.EM1  0.657 0.174 0.310 0.369 0.534 0.659 0.797 0.928 0.950
p.Station 43.EM1  0.616 0.140 0.307 0.371 0.531 0.626 0.716 0.828 0.856
p.Station 44.EM1  0.609 0.129 0.293 0.370 0.539 0.625 0.696 0.790 0.819
p.Station 45.EM1  0.571 0.130 0.222 0.317 0.508 0.593 0.659 0.742 0.766
p.Station 46.EM1  0.588 0.126 0.262 0.348 0.527 0.605 0.672 0.758 0.783
p.Station 48.EM1  0.726 0.124 0.419 0.502 0.664 0.743 0.810 0.890 0.913
p.Station 49.EM1  0.650 0.143 0.246 0.355 0.592 0.678 0.745 0.826 0.850
p.Station 50.EM1  0.616 0.147 0.206 0.302 0.556 0.647 0.715 0.794 0.816
p.Station 51.EM1  0.620 0.143 0.305 0.368 0.530 0.632 0.721 0.833 0.862
p.Station 52.EM1  0.562 0.127 0.260 0.334 0.492 0.574 0.650 0.747 0.775
p.Station 53.EM1  0.486 0.150 0.181 0.232 0.385 0.490 0.592 0.728 0.767
p.Station 54.EM1  0.510 0.123 0.199 0.265 0.449 0.529 0.594 0.674 0.700
p.Station 55.EM1  0.562 0.137 0.192 0.276 0.501 0.589 0.655 0.734 0.758
p.Station 56.EM1  0.556 0.125 0.259 0.332 0.487 0.569 0.642 0.737 0.766
p.Station 57.EM1  0.451 0.122 0.146 0.203 0.389 0.468 0.534 0.618 0.644
p.Station 59.EM1  0.169 0.096 0.033 0.043 0.095 0.151 0.227 0.353 0.396
p.Station 60.EM1  0.343 0.113 0.120 0.156 0.268 0.342 0.420 0.531 0.562
p.Station 61.EM1  0.474 0.119 0.185 0.252 0.408 0.488 0.556 0.643 0.667
p.Station 62.EM1  0.295 0.104 0.096 0.125 0.224 0.293 0.363 0.469 0.506
p.Station 63.EM1  0.225 0.117 0.040 0.053 0.136 0.215 0.300 0.437 0.476
p.Station 64.EM1  0.243 0.110 0.058 0.078 0.161 0.235 0.317 0.435 0.477
p.Station 65.EM1  0.360 0.105 0.117 0.163 0.298 0.369 0.430 0.519 0.548
p.Station 66.EM1  0.480 0.123 0.163 0.236 0.419 0.500 0.564 0.646 0.671
p.Station 67.EM1  0.420 0.117 0.169 0.214 0.347 0.423 0.498 0.600 0.632
p.Station 68.EM1  0.502 0.133 0.165 0.226 0.438 0.526 0.593 0.676 0.701
p.Station 69.EM1  0.258 0.106 0.073 0.094 0.180 0.251 0.327 0.443 0.480
p.Station 70.EM1  0.441 0.115 0.176 0.226 0.374 0.451 0.519 0.612 0.639
p.Station 71.EM1  0.236 0.096 0.067 0.086 0.166 0.231 0.298 0.401 0.438
p.Station 72.EM1  0.153 0.089 0.025 0.034 0.084 0.139 0.206 0.318 0.358
p.Station 73.EM1  0.505 0.138 0.145 0.215 0.442 0.533 0.601 0.681 0.704
p.Station 74.EM1  0.421 0.140 0.147 0.191 0.323 0.421 0.520 0.647 0.687
p.Station 75.EM1  0.517 0.127 0.230 0.293 0.441 0.525 0.604 0.710 0.740
p.Station 76.EM1  0.171 0.095 0.029 0.040 0.097 0.158 0.230 0.348 0.384
p.Station 77.EM1  0.171 0.093 0.030 0.042 0.099 0.158 0.230 0.343 0.381
p.Station 78.EM1  0.390 0.111 0.139 0.188 0.324 0.396 0.465 0.560 0.589
p.Station 79.EM1  0.419 0.190 0.069 0.100 0.280 0.425 0.559 0.724 0.770
p.Station 80.EM1  0.344 0.109 0.121 0.158 0.273 0.344 0.418 0.521 0.555
p.Station 82.EM1  0.342 0.157 0.056 0.083 0.228 0.344 0.450 0.608 0.650
p.Station 83.EM1  0.395 0.178 0.069 0.101 0.266 0.395 0.524 0.686 0.734
p.Station 84.EM1  0.323 0.152 0.054 0.079 0.209 0.320 0.427 0.577 0.626
p.Station 85.EM1  0.335 0.151 0.061 0.092 0.226 0.330 0.439 0.592 0.638
p.Station 86.EM1  0.284 0.137 0.050 0.070 0.182 0.275 0.374 0.521 0.563
p.Station 87.EM1  0.245 0.122 0.043 0.062 0.151 0.235 0.327 0.461 0.503
p.Station 88.EM1  0.394 0.173 0.070 0.106 0.270 0.398 0.517 0.674 0.726
p.Station 89.EM1  0.420 0.177 0.085 0.117 0.296 0.429 0.545 0.702 0.751
p.Station 90.EM1  0.467 0.152 0.168 0.214 0.361 0.473 0.574 0.711 0.756
p.Station 91.EM1  0.472 0.144 0.177 0.230 0.374 0.476 0.572 0.704 0.741
p.Station 92.EM1  0.390 0.154 0.108 0.142 0.274 0.389 0.502 0.646 0.682
p.Station 93.EM1  0.401 0.179 0.067 0.098 0.272 0.406 0.532 0.688 0.736
p.Station 94.EM1  0.349 0.156 0.066 0.094 0.240 0.346 0.455 0.614 0.658
p.Station 95.EM1  0.383 0.169 0.069 0.099 0.259 0.388 0.505 0.657 0.702
p.Station 96.EM1  0.343 0.158 0.061 0.090 0.223 0.344 0.456 0.605 0.648
p.Station 97.EM1  0.507 0.134 0.219 0.274 0.423 0.514 0.601 0.714 0.750
p.Station 98.EM1  0.738 0.120 0.443 0.524 0.679 0.757 0.819 0.896 0.917
p.Station 99.EM1  0.698 0.141 0.298 0.418 0.642 0.724 0.792 0.868 0.891
p.Station 100.EM1 0.802 0.103 0.558 0.615 0.750 0.819 0.875 0.934 0.950
p.Station 101.EM1 0.679 0.127 0.378 0.452 0.611 0.694 0.767 0.859 0.886
p.Station 102.EM1 0.716 0.122 0.427 0.497 0.656 0.732 0.798 0.878 0.901
p.Station 103.EM1 0.449 0.168 0.122 0.167 0.328 0.455 0.570 0.717 0.764
p.Station 104.EM1 0.345 0.158 0.065 0.094 0.230 0.337 0.452 0.618 0.665
p.Station 105.EM1 0.563 0.124 0.266 0.337 0.496 0.575 0.648 0.740 0.771
p.Station 106.EM1 0.396 0.165 0.086 0.121 0.275 0.401 0.514 0.664 0.708
p.Station 107.EM1 0.361 0.140 0.104 0.135 0.258 0.359 0.461 0.595 0.636
p.Station 108.EM1 0.375 0.147 0.100 0.133 0.266 0.375 0.479 0.620 0.660
p.Station 109.EM1 0.305 0.170 0.052 0.071 0.165 0.281 0.431 0.600 0.645
p.Station 110.EM1 0.293 0.157 0.057 0.075 0.165 0.272 0.405 0.574 0.617
p.Station 112.EM1 0.235 0.152 0.026 0.037 0.109 0.210 0.340 0.511 0.554
p.Station 113.EM1 0.202 0.132 0.025 0.035 0.094 0.178 0.288 0.450 0.499
p.Station 1.EM2   0.318 0.046 0.230 0.243 0.286 0.317 0.349 0.396 0.409
p.Station 3.EM2   0.134 0.077 0.024 0.035 0.080 0.121 0.173 0.278 0.323
p.Station 4.EM2   0.081 0.081 0.007 0.010 0.027 0.053 0.108 0.244 0.300
p.Station 5.EM2   0.120 0.083 0.017 0.022 0.058 0.101 0.163 0.285 0.330
p.Station 7.EM2   0.087 0.064 0.012 0.017 0.043 0.073 0.114 0.203 0.242
p.Station 8.EM2   0.136 0.079 0.023 0.033 0.081 0.124 0.177 0.277 0.320
p.Station 9.EM2   0.098 0.067 0.014 0.020 0.052 0.085 0.129 0.222 0.265
p.Station 10.EM2  0.108 0.072 0.016 0.023 0.058 0.095 0.141 0.242 0.284
p.Station 11.EM2  0.114 0.082 0.016 0.022 0.055 0.094 0.152 0.277 0.321
p.Station 13.EM2  0.211 0.111 0.048 0.064 0.128 0.193 0.279 0.419 0.469
p.Station 14.EM2  0.157 0.092 0.028 0.038 0.089 0.141 0.207 0.334 0.376
p.Station 15.EM2  0.135 0.091 0.020 0.028 0.068 0.115 0.181 0.314 0.360
p.Station 17.EM2  0.110 0.078 0.015 0.021 0.053 0.090 0.146 0.264 0.309
p.Station 18.EM2  0.134 0.096 0.019 0.025 0.062 0.109 0.183 0.324 0.377
p.Station 19.EM2  0.129 0.103 0.014 0.020 0.052 0.099 0.178 0.338 0.391
p.Station 20.EM2  0.076 0.061 0.010 0.013 0.034 0.060 0.100 0.192 0.233
p.Station 21.EM2  0.089 0.069 0.011 0.016 0.041 0.071 0.118 0.227 0.270
p.Station 23.EM2  0.090 0.076 0.010 0.014 0.036 0.067 0.120 0.241 0.294
p.Station 24.EM2  0.207 0.157 0.024 0.033 0.082 0.157 0.297 0.529 0.582
p.Station 25.EM2  0.474 0.160 0.201 0.231 0.348 0.466 0.594 0.744 0.785
p.Station 26.EM2  0.175 0.136 0.018 0.026 0.068 0.133 0.251 0.453 0.507
p.Station 27.EM2  0.229 0.120 0.053 0.070 0.138 0.207 0.304 0.454 0.503
p.Station 28.EM2  0.154 0.084 0.031 0.042 0.093 0.141 0.200 0.311 0.356
p.Station 31.EM2  0.223 0.092 0.070 0.093 0.161 0.211 0.271 0.388 0.434
p.Station 32.EM2  0.200 0.138 0.028 0.039 0.093 0.164 0.278 0.476 0.534
p.Station 33.EM2  0.314 0.236 0.023 0.033 0.106 0.257 0.499 0.751 0.796
p.Station 34.EM2  0.293 0.232 0.028 0.040 0.103 0.214 0.447 0.760 0.807
p.Station 35.EM2  0.244 0.181 0.029 0.039 0.100 0.186 0.352 0.611 0.668
p.Station 36.EM2  0.293 0.221 0.024 0.033 0.097 0.237 0.460 0.703 0.754
p.Station 37.EM2  0.356 0.148 0.123 0.144 0.243 0.338 0.460 0.621 0.660
p.Station 38.EM2  0.450 0.252 0.029 0.046 0.235 0.462 0.665 0.830 0.862
p.Station 39.EM2  0.265 0.096 0.106 0.132 0.202 0.254 0.316 0.432 0.482
p.Station 40.EM2  0.261 0.138 0.057 0.078 0.155 0.236 0.349 0.522 0.570
p.Station 41.EM2  0.339 0.126 0.128 0.154 0.244 0.328 0.424 0.559 0.603
p.Station 42.EM2  0.247 0.170 0.017 0.025 0.093 0.227 0.374 0.537 0.594
p.Station 43.EM2  0.231 0.137 0.043 0.058 0.125 0.200 0.314 0.498 0.557
p.Station 44.EM2  0.276 0.113 0.094 0.115 0.194 0.264 0.344 0.482 0.528
p.Station 45.EM2  0.333 0.099 0.170 0.191 0.264 0.323 0.391 0.503 0.556
p.Station 46.EM2  0.313 0.099 0.144 0.165 0.243 0.305 0.373 0.485 0.533
p.Station 48.EM2  0.172 0.094 0.032 0.046 0.104 0.157 0.223 0.342 0.388
p.Station 49.EM2  0.249 0.092 0.096 0.119 0.186 0.240 0.302 0.410 0.458
p.Station 50.EM2  0.282 0.095 0.125 0.149 0.217 0.271 0.335 0.446 0.498
p.Station 51.EM2  0.223 0.144 0.037 0.049 0.111 0.188 0.305 0.508 0.567
p.Station 52.EM2  0.317 0.119 0.123 0.146 0.228 0.304 0.392 0.528 0.573
p.Station 53.EM2  0.322 0.179 0.070 0.092 0.179 0.281 0.445 0.664 0.713
p.Station 54.EM2  0.398 0.102 0.225 0.248 0.328 0.389 0.458 0.576 0.628
p.Station 55.EM2  0.340 0.097 0.182 0.202 0.274 0.330 0.394 0.510 0.565
p.Station 56.EM2  0.331 0.111 0.145 0.166 0.249 0.321 0.403 0.524 0.569
p.Station 57.EM2  0.463 0.102 0.287 0.310 0.393 0.456 0.522 0.640 0.689
p.Station 59.EM2  0.443 0.144 0.217 0.242 0.336 0.423 0.535 0.705 0.767
p.Station 60.EM2  0.542 0.135 0.289 0.317 0.441 0.544 0.643 0.762 0.792
p.Station 61.EM2  0.429 0.106 0.243 0.267 0.355 0.422 0.496 0.612 0.654
p.Station 62.EM2  0.604 0.127 0.352 0.388 0.513 0.609 0.699 0.800 0.833
p.Station 63.EM2  0.561 0.185 0.253 0.284 0.413 0.548 0.704 0.880 0.910
p.Station 64.EM2  0.634 0.157 0.329 0.368 0.514 0.643 0.758 0.871 0.898
p.Station 65.EM2  0.557 0.105 0.359 0.389 0.485 0.556 0.624 0.729 0.773
p.Station 66.EM2  0.431 0.099 0.262 0.284 0.363 0.423 0.491 0.601 0.651
p.Station 67.EM2  0.467 0.129 0.234 0.261 0.374 0.464 0.559 0.679 0.719
p.Station 68.EM2  0.404 0.100 0.237 0.259 0.336 0.395 0.462 0.578 0.625
p.Station 69.EM2  0.629 0.144 0.344 0.382 0.523 0.637 0.740 0.849 0.876
p.Station 70.EM2  0.461 0.111 0.261 0.288 0.382 0.457 0.536 0.648 0.690
p.Station 71.EM2  0.671 0.127 0.408 0.448 0.581 0.682 0.768 0.861 0.887
p.Station 72.EM2  0.680 0.147 0.390 0.430 0.573 0.685 0.793 0.908 0.932
p.Station 73.EM2  0.401 0.099 0.238 0.257 0.333 0.392 0.458 0.577 0.624
p.Station 74.EM2  0.410 0.172 0.140 0.166 0.272 0.389 0.540 0.709 0.753
p.Station 75.EM2  0.358 0.125 0.148 0.173 0.264 0.346 0.442 0.577 0.620
p.Station 76.EM2  0.698 0.150 0.397 0.437 0.588 0.709 0.820 0.921 0.939
p.Station 77.EM2  0.712 0.144 0.410 0.457 0.610 0.726 0.829 0.920 0.939
p.Station 78.EM2  0.512 0.116 0.294 0.323 0.430 0.512 0.590 0.705 0.746
p.Station 79.EM2  0.298 0.248 0.030 0.041 0.101 0.208 0.449 0.817 0.881
p.Station 80.EM2  0.550 0.127 0.311 0.343 0.457 0.553 0.642 0.759 0.794
p.Station 82.EM2  0.365 0.224 0.073 0.096 0.189 0.304 0.504 0.818 0.883
p.Station 83.EM2  0.270 0.225 0.028 0.038 0.096 0.191 0.388 0.756 0.832
p.Station 84.EM2  0.388 0.222 0.087 0.112 0.210 0.333 0.537 0.826 0.882
p.Station 85.EM2  0.318 0.209 0.059 0.079 0.158 0.258 0.433 0.757 0.837
p.Station 86.EM2  0.420 0.199 0.135 0.159 0.261 0.381 0.551 0.806 0.862
p.Station 87.EM2  0.465 0.182 0.187 0.210 0.323 0.437 0.589 0.801 0.849
p.Station 88.EM2  0.315 0.237 0.039 0.053 0.126 0.234 0.457 0.812 0.866
p.Station 89.EM2  0.302 0.237 0.036 0.049 0.116 0.218 0.441 0.806 0.858
p.Station 90.EM2  0.337 0.185 0.076 0.097 0.189 0.298 0.465 0.685 0.737
p.Station 91.EM2  0.350 0.171 0.093 0.117 0.214 0.321 0.472 0.662 0.709
p.Station 92.EM2  0.408 0.203 0.112 0.137 0.241 0.370 0.562 0.776 0.819
p.Station 93.EM2  0.287 0.237 0.029 0.040 0.102 0.201 0.418 0.793 0.862
p.Station 94.EM2  0.301 0.213 0.047 0.063 0.139 0.234 0.413 0.754 0.832
p.Station 95.EM2  0.327 0.236 0.045 0.061 0.141 0.252 0.470 0.815 0.872
p.Station 96.EM2  0.396 0.229 0.090 0.112 0.209 0.339 0.556 0.843 0.888
p.Station 97.EM2  0.350 0.141 0.122 0.146 0.241 0.335 0.450 0.599 0.643
p.Station 98.EM2  0.164 0.090 0.032 0.046 0.099 0.149 0.213 0.333 0.380
p.Station 99.EM2  0.199 0.089 0.054 0.075 0.138 0.189 0.250 0.358 0.403
p.Station 100.EM2 0.118 0.074 0.020 0.027 0.066 0.104 0.156 0.259 0.300
p.Station 101.EM2 0.205 0.107 0.047 0.062 0.127 0.188 0.269 0.408 0.450
p.Station 102.EM2 0.182 0.094 0.038 0.054 0.113 0.168 0.235 0.353 0.399
p.Station 103.EM2 0.318 0.215 0.047 0.064 0.144 0.256 0.463 0.745 0.803
p.Station 104.EM2 0.253 0.192 0.037 0.048 0.110 0.193 0.343 0.670 0.752
p.Station 105.EM2 0.323 0.112 0.135 0.160 0.241 0.314 0.394 0.515 0.559
p.Station 106.EM2 0.343 0.230 0.056 0.075 0.158 0.277 0.494 0.808 0.853
p.Station 107.EM2 0.459 0.189 0.154 0.184 0.305 0.439 0.606 0.790 0.830
p.Station 108.EM2 0.424 0.200 0.124 0.151 0.260 0.385 0.573 0.787 0.826
p.Station 109.EM2 0.177 0.152 0.018 0.026 0.068 0.129 0.236 0.499 0.598
p.Station 110.EM2 0.168 0.144 0.019 0.027 0.067 0.123 0.221 0.473 0.571
p.Station 112.EM2 0.150 0.139 0.016 0.022 0.059 0.108 0.193 0.426 0.558
p.Station 113.EM2 0.193 0.141 0.028 0.040 0.095 0.158 0.249 0.475 0.575
p.Station 1.EM3   0.133 0.029 0.079 0.088 0.113 0.132 0.152 0.183 0.195
p.Station 3.EM3   0.090 0.100 0.007 0.009 0.029 0.058 0.109 0.288 0.383
p.Station 4.EM3   0.046 0.049 0.004 0.005 0.016 0.032 0.059 0.131 0.170
p.Station 5.EM3   0.084 0.074 0.007 0.011 0.032 0.064 0.113 0.227 0.278
p.Station 7.EM3   0.094 0.116 0.005 0.007 0.022 0.048 0.114 0.350 0.447
p.Station 8.EM3   0.137 0.172 0.006 0.009 0.027 0.061 0.173 0.547 0.644
p.Station 9.EM3   0.100 0.124 0.006 0.008 0.024 0.052 0.121 0.372 0.481
p.Station 10.EM3  0.111 0.138 0.006 0.008 0.025 0.055 0.134 0.428 0.527
p.Station 11.EM3  0.080 0.072 0.007 0.010 0.030 0.058 0.106 0.221 0.276
p.Station 13.EM3  0.123 0.108 0.012 0.016 0.049 0.093 0.165 0.329 0.413
p.Station 14.EM3  0.101 0.092 0.009 0.013 0.039 0.075 0.134 0.274 0.347
p.Station 15.EM3  0.093 0.080 0.008 0.012 0.036 0.070 0.128 0.247 0.300
p.Station 17.EM3  0.078 0.071 0.006 0.010 0.029 0.058 0.105 0.210 0.259
p.Station 18.EM3  0.094 0.077 0.008 0.012 0.038 0.075 0.129 0.243 0.290
p.Station 19.EM3  0.083 0.067 0.007 0.011 0.034 0.065 0.112 0.211 0.255
p.Station 20.EM3  0.058 0.059 0.005 0.007 0.020 0.040 0.075 0.165 0.215
p.Station 21.EM3  0.063 0.058 0.005 0.008 0.023 0.046 0.083 0.172 0.213
p.Station 23.EM3  0.055 0.051 0.005 0.007 0.021 0.040 0.073 0.151 0.186
p.Station 24.EM3  0.152 0.107 0.012 0.020 0.070 0.132 0.214 0.352 0.402
p.Station 25.EM3  0.145 0.109 0.013 0.020 0.061 0.119 0.201 0.355 0.413
p.Station 26.EM3  0.115 0.086 0.010 0.015 0.050 0.095 0.160 0.277 0.329
p.Station 27.EM3  0.135 0.115 0.011 0.017 0.053 0.105 0.181 0.351 0.446
p.Station 28.EM3  0.095 0.094 0.007 0.011 0.034 0.067 0.123 0.275 0.357
p.Station 31.EM3  0.119 0.140 0.008 0.011 0.032 0.067 0.141 0.433 0.542
p.Station 32.EM3  0.145 0.105 0.013 0.020 0.065 0.122 0.201 0.344 0.400
p.Station 33.EM3  0.185 0.122 0.015 0.023 0.087 0.167 0.263 0.407 0.452
p.Station 34.EM3  0.225 0.141 0.018 0.028 0.112 0.209 0.321 0.471 0.527
p.Station 35.EM3  0.188 0.126 0.017 0.027 0.089 0.166 0.264 0.416 0.474
p.Station 36.EM3  0.170 0.115 0.015 0.022 0.079 0.152 0.242 0.384 0.438
p.Station 37.EM3  0.150 0.120 0.013 0.020 0.062 0.120 0.205 0.373 0.469
p.Station 38.EM3  0.148 0.110 0.011 0.017 0.060 0.125 0.212 0.357 0.409
p.Station 39.EM3  0.136 0.156 0.008 0.011 0.030 0.066 0.185 0.487 0.572
p.Station 40.EM3  0.150 0.119 0.013 0.020 0.064 0.120 0.207 0.370 0.466
p.Station 41.EM3  0.128 0.106 0.012 0.017 0.052 0.100 0.173 0.327 0.412
p.Station 42.EM3  0.097 0.075 0.009 0.012 0.040 0.079 0.133 0.245 0.288
p.Station 43.EM3  0.153 0.120 0.013 0.020 0.065 0.124 0.207 0.384 0.473
p.Station 44.EM3  0.116 0.106 0.011 0.016 0.046 0.086 0.151 0.315 0.409
p.Station 45.EM3  0.096 0.098 0.009 0.012 0.033 0.065 0.121 0.290 0.387
p.Station 46.EM3  0.100 0.096 0.009 0.013 0.038 0.071 0.127 0.290 0.370
p.Station 48.EM3  0.102 0.098 0.008 0.013 0.038 0.074 0.134 0.283 0.376
p.Station 49.EM3  0.100 0.113 0.008 0.012 0.032 0.063 0.121 0.339 0.448
p.Station 50.EM3  0.103 0.112 0.008 0.012 0.034 0.065 0.125 0.343 0.446
p.Station 51.EM3  0.158 0.118 0.015 0.022 0.069 0.130 0.218 0.385 0.453
p.Station 52.EM3  0.121 0.105 0.011 0.017 0.048 0.093 0.160 0.317 0.401
p.Station 53.EM3  0.192 0.139 0.016 0.026 0.085 0.163 0.267 0.452 0.533
p.Station 54.EM3  0.092 0.086 0.009 0.013 0.035 0.066 0.120 0.263 0.341
p.Station 55.EM3  0.098 0.101 0.008 0.012 0.033 0.065 0.123 0.313 0.404
p.Station 56.EM3  0.112 0.100 0.011 0.016 0.045 0.085 0.148 0.302 0.390
p.Station 57.EM3  0.087 0.080 0.009 0.012 0.033 0.062 0.114 0.249 0.314
p.Station 59.EM3  0.388 0.153 0.110 0.150 0.270 0.384 0.507 0.634 0.665
p.Station 60.EM3  0.115 0.091 0.011 0.016 0.048 0.089 0.157 0.292 0.347
p.Station 61.EM3  0.097 0.088 0.009 0.013 0.037 0.071 0.127 0.270 0.347
p.Station 62.EM3  0.101 0.080 0.010 0.014 0.042 0.080 0.140 0.257 0.308
p.Station 63.EM3  0.214 0.129 0.020 0.035 0.112 0.198 0.300 0.444 0.494
p.Station 64.EM3  0.123 0.094 0.010 0.016 0.050 0.100 0.175 0.306 0.353
p.Station 65.EM3  0.083 0.070 0.009 0.012 0.034 0.064 0.110 0.221 0.271
p.Station 66.EM3  0.088 0.083 0.009 0.012 0.033 0.063 0.115 0.256 0.329
p.Station 67.EM3  0.114 0.092 0.011 0.016 0.047 0.090 0.156 0.293 0.359
p.Station 68.EM3  0.094 0.093 0.008 0.012 0.033 0.064 0.118 0.290 0.364
p.Station 69.EM3  0.113 0.089 0.011 0.015 0.046 0.089 0.159 0.291 0.334
p.Station 70.EM3  0.098 0.083 0.010 0.014 0.039 0.075 0.130 0.263 0.324
p.Station 71.EM3  0.093 0.075 0.008 0.013 0.038 0.072 0.129 0.241 0.286
p.Station 72.EM3  0.168 0.103 0.017 0.028 0.088 0.153 0.234 0.360 0.399
p.Station 73.EM3  0.093 0.096 0.008 0.011 0.031 0.061 0.118 0.302 0.381
p.Station 74.EM3  0.169 0.128 0.014 0.021 0.072 0.140 0.234 0.410 0.497
p.Station 75.EM3  0.125 0.106 0.013 0.018 0.051 0.097 0.168 0.324 0.406
p.Station 76.EM3  0.132 0.095 0.010 0.016 0.056 0.111 0.187 0.316 0.361
p.Station 77.EM3  0.117 0.090 0.009 0.014 0.047 0.094 0.167 0.292 0.335
p.Station 78.EM3  0.098 0.081 0.010 0.014 0.039 0.076 0.133 0.257 0.310
p.Station 79.EM3  0.282 0.159 0.023 0.039 0.163 0.270 0.394 0.554 0.608
p.Station 80.EM3  0.106 0.085 0.011 0.015 0.043 0.084 0.146 0.272 0.328
p.Station 82.EM3  0.293 0.168 0.027 0.045 0.163 0.277 0.408 0.582 0.656
p.Station 83.EM3  0.335 0.165 0.047 0.075 0.210 0.325 0.454 0.614 0.665
p.Station 84.EM3  0.289 0.165 0.026 0.047 0.161 0.274 0.397 0.584 0.653
p.Station 85.EM3  0.347 0.172 0.047 0.078 0.216 0.339 0.467 0.637 0.704
p.Station 86.EM3  0.297 0.157 0.038 0.063 0.175 0.285 0.404 0.573 0.627
p.Station 87.EM3  0.290 0.144 0.049 0.074 0.179 0.279 0.392 0.534 0.587
p.Station 88.EM3  0.291 0.167 0.023 0.041 0.161 0.277 0.409 0.575 0.637
p.Station 89.EM3  0.278 0.163 0.021 0.036 0.152 0.265 0.391 0.560 0.620
p.Station 90.EM3  0.196 0.140 0.017 0.027 0.088 0.168 0.272 0.459 0.551
p.Station 91.EM3  0.178 0.134 0.015 0.023 0.077 0.147 0.247 0.429 0.517
p.Station 92.EM3  0.203 0.143 0.017 0.025 0.091 0.176 0.285 0.471 0.544
p.Station 93.EM3  0.313 0.165 0.032 0.056 0.187 0.302 0.432 0.593 0.647
p.Station 94.EM3  0.350 0.174 0.047 0.079 0.219 0.340 0.472 0.645 0.711
p.Station 95.EM3  0.290 0.169 0.024 0.041 0.160 0.276 0.407 0.586 0.653
p.Station 96.EM3  0.261 0.163 0.020 0.033 0.133 0.240 0.369 0.554 0.619
p.Station 97.EM3  0.142 0.116 0.014 0.020 0.058 0.112 0.194 0.359 0.444
p.Station 98.EM3  0.098 0.095 0.008 0.012 0.036 0.071 0.127 0.276 0.359
p.Station 99.EM3  0.102 0.117 0.008 0.011 0.033 0.066 0.121 0.340 0.466
p.Station 100.EM3 0.079 0.075 0.007 0.010 0.029 0.056 0.103 0.221 0.287
p.Station 101.EM3 0.115 0.103 0.010 0.014 0.045 0.087 0.153 0.312 0.400
p.Station 102.EM3 0.103 0.099 0.009 0.013 0.038 0.073 0.133 0.287 0.378
p.Station 103.EM3 0.234 0.154 0.018 0.030 0.112 0.212 0.328 0.515 0.594
p.Station 104.EM3 0.402 0.174 0.081 0.120 0.269 0.400 0.530 0.688 0.738
p.Station 105.EM3 0.114 0.100 0.011 0.016 0.045 0.086 0.152 0.304 0.387
p.Station 106.EM3 0.261 0.163 0.021 0.033 0.132 0.242 0.370 0.546 0.622
p.Station 107.EM3 0.180 0.131 0.015 0.023 0.078 0.154 0.252 0.424 0.501
p.Station 108.EM3 0.202 0.142 0.016 0.026 0.091 0.174 0.286 0.462 0.548
p.Station 109.EM3 0.518 0.186 0.178 0.227 0.374 0.512 0.667 0.816 0.845
p.Station 110.EM3 0.539 0.187 0.193 0.239 0.393 0.541 0.690 0.827 0.854
p.Station 112.EM3 0.615 0.203 0.213 0.279 0.465 0.627 0.781 0.913 0.934
p.Station 113.EM3 0.605 0.197 0.216 0.278 0.458 0.620 0.765 0.894 0.917
NULL
Fri Mar 24 23:41:09 EDT 2023
