Running on node(s): pn011 starting in: /vortexfs1/scratch/dylan.titmuss
Thu Apr 27 15:42:27 EDT 2023
Running Bayesian script on a single CPU core

Attaching package: ‘dplyr’

The following objects are masked from ‘package:stats’:

    filter, lag

The following objects are masked from ‘package:base’:

    intersect, setdiff, setequal, union

Loading required package: coda
Linked to JAGS 4.3.0
Loaded modules: basemod,bugs
[1] "004"
[1] "020"
[1] "021"
[1] "023"
[1] "072"
[1] "076"
[1] "077"
[1] "112"
[1] "113"
module glm loaded
Compiling model graph
   Resolving undeclared variables
   Allocating nodes
Graph information:
   Observed stochastic nodes: 212
   Unobserved stochastic nodes: 223
   Total graph size: 6893

Initializing model

Error in jags.samples(model, variable.names, n.iter, thin, type = "trace",  : 
  n.iter must be a positive integer
Calls: run_model -> <Anonymous> -> coda.samples -> jags.samples
Execution halted
Fri Apr 28 13:01:13 EDT 2023
