Running on node(s): pn116 starting in: /vortexfs1/scratch/dylan.titmuss
Thu May 18 12:21:07 EDT 2023
Running Bayesian script on a single CPU core

Attaching package: ‘dplyr’

The following objects are masked from ‘package:stats’:

    filter, lag

The following objects are masked from ‘package:base’:

    intersect, setdiff, setequal, union

Loading required package: coda
Linked to JAGS 4.3.0
Loaded modules: basemod,bugs
[1] "004"
[1] "020"
[1] "021"
[1] "023"
[1] "072"
[1] "076"
[1] "077"
[1] "112"
[1] "113"
module glm loaded
Compiling model graph
   Resolving undeclared variables
   Allocating nodes
Graph information:
   Observed stochastic nodes: 212
   Unobserved stochastic nodes: 223
   Total graph size: 6893

Initializing model

dev.new(): using pdf(file="Rplots10.pdf")

################################################################################
# Gelman-Rubin Diagnostic
################################################################################

Generally the Gelman diagnostic should be < 1.05

Out of 640 variables: 0 > 1.01
                      0 > 1.05
                      0 > 1.1

The worst variables are:
             Point est. Upper C.I.
p.fac1[7,3]    1.008783   1.011180
p.fac1[2,3]    1.006713   1.011556
p.fac1[25,3]   1.006045   1.009513
p.fac1[42,3]   1.004697   1.006952
p.fac1[9,3]    1.004666   1.006718
p.fac1[6,3]    1.004305   1.006371
p.fac1[8,3]    1.002990   1.003542
p.fac1[34,3]   1.002673   1.003884
p.fac1[93,3]   1.001905   1.002714
loglik[64]     1.001364   1.001536

################################################################################
# Geweke Diagnostic
################################################################################

The Geweke diagnostic is a standard z-score, so we'd expect 5% to be outside +/-1.96
Number of variables outside +/-1.96 in each chain (out of 640):

       Chain 1 Chain 2 Chain 3
Geweke      18      69      31

################################################################################
# Summary Statistics
################################################################################

DIC = 818.8073

                   Mean    SD  2.5%    5%   25%   50%   75%   95% 97.5%
p.Station 1.EM1   0.524 0.042 0.441 0.454 0.496 0.524 0.552 0.593 0.606
p.Station 2.EM1   0.332 0.165 0.052 0.073 0.201 0.329 0.456 0.607 0.646
p.Station 3.EM1   0.759 0.150 0.318 0.446 0.708 0.796 0.856 0.920 0.938
p.Station 4.EM1   0.792 0.216 0.180 0.285 0.719 0.883 0.941 0.976 0.982
p.Station 5.EM1   0.794 0.126 0.442 0.555 0.751 0.821 0.874 0.932 0.947
p.Station 7.EM1   0.750 0.214 0.161 0.258 0.668 0.831 0.901 0.956 0.968
p.Station 8.EM1   0.654 0.209 0.138 0.213 0.540 0.713 0.811 0.899 0.923
p.Station 9.EM1   0.750 0.197 0.192 0.298 0.682 0.816 0.885 0.947 0.960
p.Station 10.EM1  0.719 0.205 0.166 0.262 0.633 0.787 0.866 0.935 0.951
p.Station 11.EM1  0.807 0.125 0.452 0.573 0.766 0.835 0.884 0.939 0.952
p.Station 13.EM1  0.664 0.141 0.284 0.381 0.601 0.692 0.760 0.840 0.863
p.Station 14.EM1  0.741 0.134 0.369 0.477 0.690 0.770 0.828 0.894 0.913
p.Station 15.EM1  0.774 0.127 0.419 0.529 0.727 0.801 0.855 0.919 0.936
p.Station 17.EM1  0.813 0.123 0.462 0.584 0.773 0.841 0.890 0.943 0.956
p.Station 18.EM1  0.768 0.133 0.391 0.510 0.722 0.795 0.853 0.921 0.939
p.Station 19.EM1  0.777 0.145 0.357 0.485 0.728 0.810 0.871 0.939 0.955
p.Station 20.EM1  0.856 0.134 0.426 0.589 0.830 0.895 0.935 0.970 0.977
p.Station 21.EM1  0.847 0.123 0.480 0.620 0.817 0.879 0.921 0.962 0.971
p.Station 23.EM1  0.838 0.144 0.395 0.532 0.806 0.881 0.926 0.966 0.974
p.Station 24.EM1  0.636 0.149 0.250 0.343 0.568 0.656 0.728 0.849 0.885
p.Station 25.EM1  0.410 0.148 0.102 0.144 0.309 0.422 0.519 0.634 0.665
p.Station 26.EM1  0.698 0.152 0.285 0.388 0.635 0.723 0.796 0.899 0.925
p.Station 27.EM1  0.639 0.144 0.260 0.349 0.574 0.665 0.736 0.821 0.846
p.Station 28.EM1  0.740 0.139 0.345 0.457 0.690 0.773 0.832 0.897 0.915
p.Station 29.EM1  0.247 0.134 0.038 0.054 0.140 0.233 0.339 0.486 0.529
p.Station 31.EM1  0.595 0.180 0.150 0.223 0.499 0.636 0.727 0.818 0.842
p.Station 32.EM1  0.656 0.143 0.273 0.373 0.595 0.678 0.748 0.848 0.879
p.Station 33.EM1  0.499 0.166 0.133 0.188 0.402 0.515 0.603 0.760 0.821
p.Station 34.EM1  0.490 0.148 0.145 0.206 0.413 0.504 0.580 0.717 0.769
p.Station 35.EM1  0.569 0.148 0.202 0.280 0.498 0.587 0.661 0.787 0.831
p.Station 36.EM1  0.533 0.170 0.143 0.209 0.439 0.551 0.639 0.797 0.855
p.Station 37.EM1  0.506 0.150 0.151 0.213 0.418 0.527 0.615 0.715 0.743
p.Station 38.EM1  0.432 0.178 0.089 0.128 0.308 0.441 0.552 0.714 0.789
p.Station 39.EM1  0.507 0.183 0.104 0.157 0.385 0.538 0.650 0.756 0.784
p.Station 40.EM1  0.595 0.146 0.221 0.303 0.523 0.620 0.695 0.790 0.818
p.Station 41.EM1  0.528 0.153 0.158 0.227 0.441 0.553 0.638 0.736 0.761
p.Station 42.EM1  0.613 0.197 0.152 0.224 0.497 0.645 0.754 0.895 0.929
p.Station 43.EM1  0.622 0.143 0.246 0.338 0.556 0.646 0.718 0.811 0.839
p.Station 44.EM1  0.593 0.153 0.200 0.283 0.517 0.623 0.702 0.788 0.813
p.Station 45.EM1  0.496 0.165 0.120 0.176 0.392 0.523 0.621 0.721 0.748
p.Station 46.EM1  0.532 0.161 0.149 0.212 0.439 0.562 0.653 0.748 0.773
p.Station 47.EM1  0.361 0.167 0.060 0.088 0.230 0.364 0.490 0.626 0.662
p.Station 48.EM1  0.721 0.139 0.332 0.441 0.667 0.751 0.813 0.881 0.901
p.Station 49.EM1  0.588 0.168 0.167 0.242 0.499 0.624 0.710 0.798 0.822
p.Station 50.EM1  0.538 0.171 0.136 0.198 0.436 0.570 0.666 0.763 0.789
p.Station 51.EM1  0.625 0.143 0.250 0.340 0.561 0.647 0.718 0.818 0.850
p.Station 52.EM1  0.549 0.154 0.172 0.243 0.465 0.576 0.660 0.754 0.780
p.Station 53.EM1  0.511 0.146 0.165 0.230 0.431 0.529 0.610 0.721 0.754
p.Station 54.EM1  0.427 0.160 0.092 0.133 0.318 0.445 0.550 0.659 0.688
p.Station 55.EM1  0.471 0.166 0.105 0.155 0.361 0.495 0.598 0.704 0.732
p.Station 56.EM1  0.530 0.156 0.155 0.221 0.442 0.557 0.645 0.739 0.764
p.Station 57.EM1  0.346 0.149 0.066 0.095 0.233 0.351 0.459 0.581 0.614
p.Station 58.EM1  0.263 0.148 0.037 0.054 0.144 0.246 0.364 0.525 0.572
p.Station 59.EM1  0.213 0.111 0.039 0.054 0.126 0.200 0.287 0.416 0.454
p.Station 60.EM1  0.351 0.143 0.073 0.105 0.246 0.357 0.458 0.577 0.610
p.Station 61.EM1  0.410 0.156 0.089 0.128 0.300 0.425 0.529 0.640 0.669
p.Station 62.EM1  0.299 0.135 0.057 0.081 0.196 0.297 0.398 0.522 0.558
p.Station 63.EM1  0.299 0.133 0.061 0.087 0.199 0.296 0.394 0.522 0.559
p.Station 64.EM1  0.300 0.134 0.059 0.084 0.198 0.298 0.399 0.525 0.560
p.Station 65.EM1  0.291 0.135 0.054 0.076 0.186 0.288 0.390 0.515 0.550
p.Station 66.EM1  0.378 0.155 0.074 0.107 0.264 0.389 0.496 0.616 0.647
p.Station 67.EM1  0.406 0.151 0.092 0.132 0.301 0.421 0.519 0.634 0.664
p.Station 68.EM1  0.395 0.159 0.080 0.115 0.279 0.408 0.518 0.636 0.666
p.Station 69.EM1  0.296 0.134 0.060 0.082 0.193 0.293 0.394 0.521 0.554
p.Station 70.EM1  0.388 0.152 0.084 0.119 0.279 0.400 0.504 0.619 0.652
p.Station 71.EM1  0.256 0.124 0.046 0.065 0.159 0.250 0.345 0.472 0.508
p.Station 72.EM1  0.227 0.115 0.041 0.057 0.137 0.218 0.307 0.431 0.467
p.Station 73.EM1  0.390 0.159 0.075 0.110 0.273 0.402 0.513 0.632 0.663
p.Station 74.EM1  0.455 0.148 0.126 0.178 0.362 0.471 0.561 0.671 0.704
p.Station 75.EM1  0.505 0.154 0.143 0.204 0.413 0.529 0.618 0.718 0.744
p.Station 76.EM1  0.244 0.120 0.045 0.062 0.150 0.236 0.328 0.454 0.491
p.Station 77.EM1  0.239 0.119 0.043 0.060 0.145 0.231 0.322 0.447 0.483
p.Station 78.EM1  0.352 0.146 0.073 0.103 0.244 0.360 0.463 0.581 0.614
p.Station 79.EM1  0.416 0.140 0.110 0.159 0.337 0.424 0.497 0.640 0.697
p.Station 80.EM1  0.334 0.142 0.068 0.096 0.227 0.338 0.441 0.563 0.596
p.Station 82.EM1  0.375 0.133 0.100 0.141 0.289 0.379 0.461 0.593 0.635
p.Station 83.EM1  0.375 0.132 0.101 0.144 0.299 0.378 0.450 0.593 0.651
p.Station 84.EM1  0.363 0.134 0.093 0.131 0.274 0.366 0.452 0.583 0.623
p.Station 85.EM1  0.347 0.128 0.093 0.131 0.265 0.347 0.425 0.563 0.608
p.Station 86.EM1  0.327 0.132 0.077 0.108 0.233 0.327 0.418 0.550 0.587
p.Station 87.EM1  0.296 0.129 0.066 0.090 0.200 0.292 0.387 0.515 0.553
p.Station 88.EM1  0.412 0.134 0.116 0.167 0.336 0.420 0.493 0.627 0.672
p.Station 89.EM1  0.434 0.138 0.123 0.179 0.359 0.444 0.517 0.651 0.701
p.Station 90.EM1  0.496 0.145 0.155 0.219 0.413 0.513 0.595 0.707 0.742
p.Station 91.EM1  0.499 0.148 0.156 0.216 0.414 0.518 0.604 0.710 0.743
p.Station 92.EM1  0.437 0.144 0.121 0.173 0.348 0.450 0.537 0.655 0.693
p.Station 93.EM1  0.396 0.134 0.107 0.155 0.319 0.402 0.473 0.614 0.669
p.Station 94.EM1  0.355 0.128 0.097 0.136 0.275 0.356 0.433 0.572 0.620
p.Station 95.EM1  0.407 0.134 0.115 0.162 0.329 0.414 0.491 0.623 0.668
p.Station 96.EM1  0.390 0.137 0.104 0.146 0.303 0.396 0.481 0.609 0.648
p.Station 97.EM1  0.514 0.152 0.155 0.219 0.426 0.537 0.624 0.725 0.752
p.Station 98.EM1  0.733 0.137 0.356 0.458 0.680 0.763 0.823 0.890 0.909
p.Station 99.EM1  0.661 0.162 0.225 0.320 0.588 0.699 0.774 0.853 0.875
p.Station 100.EM1 0.797 0.129 0.423 0.550 0.756 0.827 0.879 0.934 0.947
p.Station 101.EM1 0.677 0.142 0.289 0.390 0.616 0.706 0.773 0.849 0.872
p.Station 102.EM1 0.708 0.141 0.312 0.422 0.651 0.739 0.802 0.873 0.893
p.Station 103.EM1 0.479 0.142 0.146 0.207 0.402 0.493 0.570 0.692 0.736
p.Station 104.EM1 0.322 0.121 0.088 0.122 0.248 0.318 0.388 0.531 0.584
p.Station 105.EM1 0.539 0.156 0.163 0.229 0.451 0.568 0.654 0.747 0.772
p.Station 106.EM1 0.431 0.138 0.124 0.176 0.351 0.441 0.520 0.648 0.691
p.Station 107.EM1 0.412 0.146 0.104 0.148 0.315 0.423 0.518 0.637 0.669
p.Station 108.EM1 0.423 0.145 0.112 0.161 0.329 0.434 0.526 0.644 0.677
p.Station 109.EM1 0.203 0.123 0.044 0.058 0.117 0.170 0.265 0.437 0.506
p.Station 110.EM1 0.195 0.117 0.045 0.060 0.116 0.161 0.251 0.425 0.485
p.Station 112.EM1 0.174 0.115 0.023 0.033 0.088 0.153 0.238 0.382 0.439
p.Station 113.EM1 0.170 0.110 0.022 0.031 0.085 0.149 0.233 0.374 0.425
p.Station 1.EM2   0.368 0.046 0.281 0.294 0.336 0.367 0.399 0.446 0.461
p.Station 2.EM2   0.601 0.164 0.304 0.341 0.477 0.596 0.725 0.876 0.909
p.Station 3.EM2   0.187 0.138 0.034 0.047 0.100 0.150 0.228 0.469 0.595
p.Station 4.EM2   0.171 0.201 0.008 0.011 0.033 0.079 0.234 0.641 0.750
p.Station 5.EM2   0.137 0.116 0.021 0.028 0.064 0.105 0.169 0.361 0.468
p.Station 7.EM2   0.207 0.201 0.017 0.024 0.066 0.127 0.279 0.666 0.769
p.Station 8.EM2   0.293 0.196 0.051 0.071 0.148 0.236 0.392 0.708 0.792
p.Station 9.EM2   0.205 0.183 0.021 0.031 0.081 0.141 0.263 0.622 0.729
p.Station 10.EM2  0.233 0.192 0.028 0.040 0.098 0.168 0.308 0.661 0.761
p.Station 11.EM2  0.130 0.115 0.019 0.025 0.059 0.098 0.158 0.347 0.459
p.Station 13.EM2  0.234 0.136 0.064 0.080 0.141 0.201 0.289 0.507 0.604
p.Station 14.EM2  0.182 0.125 0.039 0.052 0.101 0.150 0.224 0.428 0.535
p.Station 15.EM2  0.150 0.118 0.025 0.034 0.075 0.118 0.186 0.382 0.485
p.Station 17.EM2  0.126 0.113 0.018 0.024 0.057 0.094 0.154 0.340 0.455
p.Station 18.EM2  0.148 0.124 0.022 0.030 0.068 0.113 0.184 0.395 0.512
p.Station 19.EM2  0.146 0.136 0.016 0.023 0.058 0.104 0.185 0.427 0.546
p.Station 20.EM2  0.105 0.121 0.010 0.014 0.037 0.067 0.121 0.348 0.493
p.Station 21.EM2  0.106 0.110 0.013 0.017 0.042 0.073 0.125 0.314 0.444
p.Station 23.EM2  0.117 0.132 0.011 0.015 0.038 0.071 0.138 0.395 0.529
p.Station 24.EM2  0.212 0.159 0.028 0.039 0.095 0.170 0.285 0.540 0.641
p.Station 25.EM2  0.444 0.158 0.205 0.230 0.325 0.419 0.540 0.748 0.812
p.Station 26.EM2  0.186 0.152 0.022 0.031 0.079 0.143 0.246 0.502 0.611
p.Station 27.EM2  0.247 0.141 0.068 0.085 0.150 0.213 0.306 0.531 0.628
p.Station 28.EM2  0.192 0.129 0.043 0.056 0.109 0.159 0.234 0.453 0.563
p.Station 29.EM2  0.689 0.140 0.410 0.450 0.589 0.694 0.796 0.907 0.930
p.Station 31.EM2  0.340 0.167 0.121 0.143 0.220 0.299 0.422 0.691 0.773
p.Station 32.EM2  0.206 0.147 0.035 0.046 0.102 0.168 0.267 0.507 0.616
p.Station 33.EM2  0.306 0.200 0.032 0.047 0.144 0.274 0.430 0.698 0.775
p.Station 34.EM2  0.274 0.193 0.034 0.046 0.120 0.228 0.385 0.664 0.750
p.Station 35.EM2  0.243 0.172 0.035 0.047 0.112 0.199 0.330 0.594 0.689
p.Station 36.EM2  0.290 0.196 0.030 0.043 0.133 0.252 0.407 0.679 0.761
p.Station 37.EM2  0.355 0.155 0.138 0.159 0.242 0.324 0.438 0.666 0.742
p.Station 38.EM2  0.416 0.203 0.059 0.101 0.267 0.398 0.553 0.782 0.843
p.Station 39.EM2  0.425 0.173 0.176 0.200 0.294 0.391 0.531 0.765 0.831
p.Station 40.EM2  0.271 0.150 0.078 0.095 0.165 0.236 0.340 0.575 0.672
p.Station 41.EM2  0.355 0.151 0.146 0.166 0.245 0.322 0.433 0.656 0.737
p.Station 42.EM2  0.289 0.195 0.026 0.039 0.140 0.251 0.403 0.679 0.764
p.Station 43.EM2  0.242 0.148 0.057 0.073 0.139 0.206 0.305 0.542 0.643
p.Station 44.EM2  0.307 0.146 0.115 0.135 0.204 0.273 0.373 0.608 0.697
p.Station 45.EM2  0.419 0.157 0.197 0.217 0.302 0.387 0.509 0.734 0.803
p.Station 46.EM2  0.380 0.153 0.169 0.189 0.268 0.347 0.459 0.688 0.765
p.Station 47.EM2  0.570 0.164 0.291 0.323 0.444 0.558 0.690 0.857 0.895
p.Station 48.EM2  0.201 0.130 0.048 0.063 0.117 0.168 0.245 0.461 0.567
p.Station 49.EM2  0.340 0.156 0.133 0.154 0.228 0.303 0.415 0.662 0.751
p.Station 50.EM2  0.387 0.160 0.166 0.187 0.269 0.352 0.473 0.713 0.782
p.Station 51.EM2  0.229 0.150 0.045 0.059 0.122 0.192 0.296 0.535 0.634
p.Station 52.EM2  0.342 0.150 0.138 0.158 0.233 0.309 0.418 0.648 0.729
p.Station 53.EM2  0.309 0.163 0.088 0.108 0.189 0.274 0.394 0.640 0.723
p.Station 54.EM2  0.480 0.156 0.244 0.268 0.363 0.454 0.576 0.779 0.838
p.Station 55.EM2  0.447 0.159 0.213 0.237 0.327 0.419 0.542 0.759 0.822
p.Station 56.EM2  0.368 0.151 0.160 0.180 0.258 0.336 0.446 0.674 0.751
p.Station 57.EM2  0.564 0.150 0.315 0.343 0.450 0.548 0.668 0.834 0.878
p.Station 58.EM2  0.668 0.154 0.365 0.406 0.559 0.674 0.786 0.905 0.929
p.Station 59.EM2  0.588 0.172 0.265 0.304 0.460 0.590 0.716 0.868 0.902
p.Station 60.EM2  0.529 0.151 0.285 0.311 0.413 0.511 0.630 0.809 0.856
p.Station 61.EM2  0.492 0.154 0.254 0.278 0.375 0.468 0.588 0.786 0.840
p.Station 62.EM2  0.589 0.146 0.339 0.367 0.480 0.578 0.692 0.848 0.885
p.Station 63.EM2  0.526 0.163 0.254 0.285 0.403 0.509 0.637 0.822 0.867
p.Station 64.EM2  0.570 0.151 0.315 0.344 0.455 0.557 0.674 0.840 0.882
p.Station 65.EM2  0.616 0.141 0.366 0.396 0.509 0.608 0.717 0.861 0.897
p.Station 66.EM2  0.533 0.153 0.286 0.313 0.416 0.513 0.635 0.817 0.867
p.Station 67.EM2  0.475 0.154 0.238 0.263 0.360 0.451 0.571 0.771 0.832
p.Station 68.EM2  0.519 0.156 0.274 0.299 0.400 0.498 0.622 0.811 0.858
p.Station 69.EM2  0.582 0.148 0.326 0.358 0.471 0.571 0.687 0.843 0.883
p.Station 70.EM2  0.508 0.152 0.266 0.293 0.393 0.488 0.607 0.796 0.847
p.Station 71.EM2  0.639 0.139 0.386 0.418 0.535 0.635 0.741 0.876 0.907
p.Station 72.EM2  0.654 0.139 0.395 0.429 0.551 0.653 0.757 0.886 0.915
p.Station 73.EM2  0.525 0.155 0.277 0.304 0.407 0.505 0.629 0.815 0.863
p.Station 74.EM2  0.384 0.161 0.151 0.173 0.264 0.354 0.476 0.704 0.776
p.Station 75.EM2  0.379 0.153 0.165 0.186 0.268 0.348 0.460 0.686 0.765
p.Station 76.EM2  0.637 0.142 0.376 0.410 0.533 0.633 0.740 0.877 0.909
p.Station 77.EM2  0.650 0.140 0.392 0.425 0.546 0.646 0.753 0.885 0.914
p.Station 78.EM2  0.540 0.150 0.297 0.323 0.427 0.523 0.641 0.816 0.863
p.Station 79.EM2  0.304 0.210 0.034 0.047 0.128 0.262 0.439 0.715 0.793
p.Station 80.EM2  0.552 0.150 0.303 0.331 0.438 0.536 0.654 0.826 0.871
p.Station 82.EM2  0.359 0.189 0.091 0.112 0.210 0.326 0.478 0.726 0.799
p.Station 83.EM2  0.310 0.215 0.034 0.047 0.127 0.266 0.454 0.727 0.797
p.Station 84.EM2  0.378 0.187 0.107 0.129 0.233 0.349 0.496 0.739 0.808
p.Station 85.EM2  0.350 0.199 0.074 0.094 0.190 0.314 0.481 0.732 0.804
p.Station 86.EM2  0.428 0.183 0.148 0.172 0.285 0.403 0.549 0.772 0.832
p.Station 87.EM2  0.486 0.175 0.199 0.228 0.352 0.468 0.606 0.805 0.856
p.Station 88.EM2  0.304 0.198 0.048 0.063 0.145 0.260 0.425 0.699 0.778
p.Station 89.EM2  0.295 0.197 0.042 0.057 0.135 0.252 0.413 0.691 0.775
p.Station 90.EM2  0.321 0.166 0.093 0.114 0.198 0.287 0.410 0.656 0.737
p.Station 91.EM2  0.337 0.161 0.114 0.134 0.218 0.304 0.422 0.660 0.735
p.Station 92.EM2  0.368 0.169 0.124 0.147 0.241 0.338 0.464 0.703 0.782
p.Station 93.EM2  0.301 0.209 0.035 0.049 0.128 0.256 0.434 0.711 0.794
p.Station 94.EM2  0.333 0.202 0.060 0.078 0.168 0.291 0.464 0.729 0.800
p.Station 95.EM2  0.317 0.194 0.057 0.074 0.161 0.277 0.435 0.700 0.781
p.Station 96.EM2  0.368 0.183 0.105 0.127 0.227 0.336 0.479 0.726 0.798
p.Station 97.EM2  0.354 0.154 0.141 0.161 0.241 0.321 0.435 0.663 0.739
p.Station 98.EM2  0.193 0.127 0.044 0.058 0.111 0.161 0.236 0.449 0.552
p.Station 99.EM2  0.274 0.149 0.085 0.105 0.171 0.237 0.335 0.585 0.686
p.Station 100.EM2 0.146 0.118 0.025 0.033 0.073 0.115 0.179 0.371 0.489
p.Station 101.EM2 0.229 0.136 0.063 0.079 0.138 0.196 0.281 0.505 0.606
p.Station 102.EM2 0.214 0.132 0.054 0.070 0.127 0.180 0.261 0.482 0.590
p.Station 103.EM2 0.296 0.179 0.059 0.077 0.159 0.258 0.393 0.658 0.743
p.Station 104.EM2 0.321 0.215 0.044 0.059 0.140 0.272 0.469 0.736 0.808
p.Station 105.EM2 0.357 0.150 0.151 0.171 0.249 0.324 0.434 0.663 0.743
p.Station 106.EM2 0.320 0.185 0.069 0.088 0.175 0.283 0.428 0.688 0.771
p.Station 107.EM2 0.413 0.165 0.167 0.191 0.290 0.384 0.511 0.735 0.801
p.Station 108.EM2 0.387 0.169 0.140 0.164 0.260 0.357 0.485 0.719 0.787
p.Station 109.EM2 0.429 0.266 0.029 0.042 0.172 0.444 0.652 0.848 0.889
p.Station 110.EM2 0.374 0.268 0.027 0.038 0.117 0.338 0.602 0.831 0.879
p.Station 112.EM2 0.586 0.229 0.084 0.133 0.444 0.627 0.762 0.896 0.924
p.Station 113.EM2 0.561 0.233 0.090 0.130 0.395 0.600 0.745 0.888 0.918
p.Station 1.EM3   0.108 0.028 0.055 0.064 0.089 0.107 0.126 0.156 0.167
p.Station 2.EM3   0.066 0.069 0.006 0.008 0.024 0.046 0.084 0.190 0.251
p.Station 3.EM3   0.054 0.049 0.005 0.007 0.021 0.041 0.072 0.142 0.174
p.Station 4.EM3   0.038 0.038 0.003 0.004 0.013 0.026 0.049 0.111 0.140
p.Station 5.EM3   0.069 0.053 0.006 0.009 0.029 0.057 0.098 0.170 0.197
p.Station 7.EM3   0.043 0.049 0.004 0.005 0.015 0.029 0.054 0.125 0.170
p.Station 8.EM3   0.053 0.061 0.005 0.007 0.019 0.036 0.065 0.147 0.198
p.Station 9.EM3   0.045 0.050 0.004 0.006 0.016 0.031 0.057 0.128 0.170
p.Station 10.EM3  0.048 0.054 0.004 0.006 0.017 0.032 0.059 0.136 0.180
p.Station 11.EM3  0.064 0.050 0.006 0.008 0.026 0.051 0.089 0.159 0.186
p.Station 13.EM3  0.102 0.074 0.009 0.013 0.043 0.086 0.146 0.242 0.272
p.Station 14.EM3  0.078 0.058 0.007 0.011 0.033 0.064 0.109 0.188 0.217
p.Station 15.EM3  0.076 0.057 0.007 0.010 0.031 0.063 0.108 0.185 0.214
p.Station 17.EM3  0.062 0.048 0.005 0.008 0.025 0.050 0.086 0.155 0.181
p.Station 18.EM3  0.084 0.061 0.007 0.011 0.035 0.071 0.121 0.198 0.225
p.Station 19.EM3  0.076 0.057 0.006 0.009 0.031 0.063 0.109 0.186 0.212
p.Station 20.EM3  0.038 0.036 0.003 0.005 0.014 0.028 0.051 0.108 0.132
p.Station 21.EM3  0.047 0.040 0.004 0.006 0.018 0.036 0.064 0.126 0.151
p.Station 23.EM3  0.046 0.039 0.004 0.006 0.018 0.035 0.063 0.122 0.147
p.Station 24.EM3  0.152 0.099 0.011 0.017 0.066 0.140 0.229 0.321 0.346
p.Station 25.EM3  0.146 0.111 0.010 0.016 0.055 0.118 0.215 0.363 0.408
p.Station 26.EM3  0.116 0.080 0.009 0.013 0.048 0.103 0.172 0.261 0.286
p.Station 27.EM3  0.114 0.080 0.010 0.015 0.049 0.098 0.166 0.263 0.296
p.Station 28.EM3  0.068 0.054 0.006 0.009 0.028 0.054 0.094 0.172 0.201
p.Station 29.EM3  0.065 0.065 0.006 0.008 0.023 0.045 0.083 0.186 0.246
p.Station 31.EM3  0.064 0.060 0.006 0.009 0.025 0.048 0.084 0.172 0.213
p.Station 32.EM3  0.137 0.090 0.011 0.016 0.060 0.125 0.204 0.297 0.323
p.Station 33.EM3  0.195 0.133 0.012 0.019 0.076 0.176 0.302 0.424 0.450
p.Station 34.EM3  0.236 0.145 0.014 0.023 0.102 0.235 0.362 0.459 0.482
p.Station 35.EM3  0.188 0.118 0.013 0.020 0.083 0.180 0.285 0.381 0.406
p.Station 36.EM3  0.178 0.122 0.011 0.017 0.070 0.158 0.275 0.391 0.417
p.Station 37.EM3  0.140 0.101 0.011 0.017 0.057 0.119 0.205 0.330 0.369
p.Station 38.EM3  0.152 0.119 0.010 0.015 0.054 0.121 0.228 0.388 0.429
p.Station 39.EM3  0.068 0.066 0.006 0.009 0.026 0.049 0.088 0.186 0.234
p.Station 40.EM3  0.133 0.093 0.010 0.016 0.056 0.117 0.196 0.303 0.336
p.Station 41.EM3  0.118 0.089 0.010 0.015 0.047 0.097 0.171 0.290 0.325
p.Station 42.EM3  0.098 0.075 0.007 0.011 0.038 0.078 0.141 0.246 0.279
p.Station 43.EM3  0.136 0.091 0.011 0.017 0.059 0.121 0.200 0.301 0.331
p.Station 44.EM3  0.100 0.076 0.008 0.013 0.041 0.082 0.142 0.245 0.282
p.Station 45.EM3  0.085 0.069 0.008 0.011 0.033 0.066 0.117 0.223 0.265
p.Station 46.EM3  0.088 0.070 0.008 0.012 0.035 0.070 0.123 0.225 0.264
p.Station 47.EM3  0.069 0.067 0.006 0.009 0.026 0.049 0.089 0.194 0.248
p.Station 48.EM3  0.078 0.060 0.007 0.011 0.032 0.064 0.110 0.191 0.222
p.Station 49.EM3  0.072 0.062 0.007 0.010 0.028 0.055 0.098 0.188 0.228
p.Station 50.EM3  0.075 0.064 0.007 0.010 0.030 0.057 0.102 0.198 0.239
p.Station 51.EM3  0.146 0.096 0.011 0.017 0.064 0.133 0.216 0.313 0.340
p.Station 52.EM3  0.109 0.082 0.009 0.014 0.044 0.089 0.155 0.267 0.306
p.Station 53.EM3  0.180 0.119 0.013 0.020 0.077 0.164 0.271 0.388 0.419
p.Station 54.EM3  0.093 0.076 0.008 0.012 0.036 0.071 0.129 0.244 0.286
p.Station 55.EM3  0.082 0.068 0.007 0.011 0.032 0.063 0.113 0.217 0.258
p.Station 56.EM3  0.102 0.078 0.009 0.013 0.041 0.082 0.145 0.256 0.294
p.Station 57.EM3  0.090 0.075 0.007 0.011 0.034 0.069 0.126 0.243 0.288
p.Station 58.EM3  0.070 0.060 0.006 0.009 0.026 0.052 0.096 0.193 0.229
p.Station 59.EM3  0.199 0.170 0.009 0.015 0.058 0.147 0.304 0.543 0.602
p.Station 60.EM3  0.121 0.098 0.009 0.013 0.044 0.094 0.173 0.319 0.367
p.Station 61.EM3  0.099 0.081 0.008 0.012 0.038 0.076 0.139 0.262 0.306
p.Station 62.EM3  0.112 0.094 0.008 0.012 0.040 0.084 0.159 0.307 0.356
p.Station 63.EM3  0.175 0.138 0.011 0.016 0.060 0.139 0.263 0.449 0.498
p.Station 64.EM3  0.130 0.107 0.009 0.013 0.046 0.099 0.187 0.349 0.398
p.Station 65.EM3  0.094 0.079 0.007 0.011 0.034 0.071 0.131 0.256 0.301
p.Station 66.EM3  0.090 0.074 0.008 0.011 0.034 0.069 0.125 0.240 0.284
p.Station 67.EM3  0.119 0.094 0.009 0.014 0.045 0.093 0.171 0.306 0.350
p.Station 68.EM3  0.086 0.072 0.007 0.011 0.033 0.066 0.119 0.230 0.274
p.Station 69.EM3  0.122 0.101 0.009 0.013 0.043 0.092 0.175 0.330 0.379
p.Station 70.EM3  0.104 0.085 0.008 0.012 0.039 0.080 0.147 0.274 0.320
p.Station 71.EM3  0.104 0.089 0.007 0.011 0.037 0.078 0.148 0.288 0.336
p.Station 72.EM3  0.119 0.102 0.008 0.012 0.040 0.087 0.170 0.332 0.388
p.Station 73.EM3  0.085 0.071 0.008 0.011 0.032 0.064 0.117 0.229 0.270
p.Station 74.EM3  0.161 0.115 0.012 0.018 0.064 0.136 0.240 0.377 0.414
p.Station 75.EM3  0.116 0.089 0.009 0.014 0.046 0.094 0.166 0.289 0.329
p.Station 76.EM3  0.119 0.102 0.008 0.012 0.041 0.088 0.169 0.329 0.381
p.Station 77.EM3  0.111 0.096 0.007 0.011 0.038 0.082 0.158 0.310 0.362
p.Station 78.EM3  0.107 0.089 0.008 0.012 0.039 0.082 0.151 0.289 0.335
p.Station 79.EM3  0.280 0.173 0.014 0.024 0.116 0.285 0.436 0.537 0.556
p.Station 80.EM3  0.113 0.093 0.009 0.013 0.041 0.087 0.163 0.303 0.349
p.Station 82.EM3  0.266 0.170 0.014 0.024 0.108 0.260 0.413 0.537 0.564
p.Station 83.EM3  0.315 0.191 0.015 0.025 0.132 0.332 0.491 0.584 0.603
p.Station 84.EM3  0.259 0.169 0.015 0.024 0.104 0.247 0.401 0.536 0.566
p.Station 85.EM3  0.303 0.187 0.016 0.026 0.126 0.307 0.470 0.585 0.609
p.Station 86.EM3  0.245 0.171 0.013 0.021 0.091 0.219 0.385 0.543 0.580
p.Station 87.EM3  0.218 0.164 0.012 0.019 0.075 0.183 0.341 0.523 0.566
p.Station 88.EM3  0.284 0.170 0.016 0.025 0.125 0.294 0.435 0.532 0.554
p.Station 89.EM3  0.271 0.163 0.015 0.025 0.119 0.280 0.416 0.512 0.535
p.Station 90.EM3  0.183 0.122 0.013 0.020 0.077 0.167 0.276 0.396 0.427
p.Station 91.EM3  0.164 0.113 0.012 0.018 0.068 0.145 0.244 0.370 0.405
p.Station 92.EM3  0.194 0.133 0.013 0.020 0.078 0.174 0.295 0.431 0.464
p.Station 93.EM3  0.303 0.180 0.016 0.026 0.133 0.319 0.466 0.559 0.578
p.Station 94.EM3  0.312 0.188 0.016 0.027 0.135 0.324 0.480 0.587 0.609
p.Station 95.EM3  0.276 0.168 0.016 0.026 0.120 0.282 0.424 0.529 0.553
p.Station 96.EM3  0.242 0.159 0.014 0.022 0.099 0.229 0.374 0.506 0.536
p.Station 97.EM3  0.132 0.097 0.010 0.016 0.053 0.111 0.193 0.316 0.355
p.Station 98.EM3  0.074 0.057 0.007 0.010 0.031 0.060 0.104 0.184 0.214
p.Station 99.EM3  0.065 0.057 0.006 0.009 0.026 0.050 0.088 0.170 0.205
p.Station 100.EM3 0.057 0.047 0.005 0.008 0.023 0.044 0.078 0.146 0.173
p.Station 101.EM3 0.094 0.070 0.008 0.012 0.039 0.078 0.135 0.226 0.258
p.Station 102.EM3 0.079 0.060 0.007 0.011 0.033 0.064 0.111 0.194 0.225
p.Station 103.EM3 0.225 0.140 0.015 0.024 0.100 0.219 0.342 0.450 0.475
p.Station 104.EM3 0.357 0.211 0.017 0.028 0.156 0.389 0.549 0.642 0.660
p.Station 105.EM3 0.103 0.079 0.009 0.013 0.041 0.083 0.147 0.258 0.296
p.Station 106.EM3 0.249 0.155 0.015 0.023 0.107 0.246 0.380 0.492 0.519
p.Station 107.EM3 0.174 0.126 0.012 0.018 0.067 0.149 0.264 0.409 0.450
p.Station 108.EM3 0.191 0.133 0.013 0.020 0.075 0.168 0.288 0.431 0.465
p.Station 109.EM3 0.368 0.293 0.011 0.018 0.089 0.292 0.666 0.831 0.845
p.Station 110.EM3 0.431 0.303 0.013 0.021 0.120 0.430 0.746 0.835 0.847
p.Station 112.EM3 0.240 0.240 0.008 0.013 0.053 0.145 0.362 0.770 0.850
p.Station 113.EM3 0.269 0.255 0.009 0.014 0.061 0.171 0.427 0.801 0.867
NULL
Fri May 19 10:23:54 EDT 2023
