Running on node(s): pn003 starting in: /vortexfs1/scratch/dylan.titmuss
Tue Mar 28 10:48:02 EDT 2023
Running Bayesian script on a single CPU core

Attaching package: ‘dplyr’

The following objects are masked from ‘package:stats’:

    filter, lag

The following objects are masked from ‘package:base’:

    intersect, setdiff, setequal, union

Loading required package: coda
Linked to JAGS 4.3.0
Loaded modules: basemod,bugs
[1] "055"
[1] "057"
[1] "062"
[1] "066"
[1] "034"
[1] "079"
[1] "042"
[1] "046"
[1] "048"
[1] "059"
[1] "064"
module glm loaded
Compiling model graph
   Resolving undeclared variables
   Allocating nodes
Graph information:
   Observed stochastic nodes: 202
   Unobserved stochastic nodes: 317
   Total graph size: 8227

Initializing model

dev.new(): using pdf(file="Rplots2.pdf")

################################################################################
# Gelman-Rubin Diagnostic
################################################################################

Generally the Gelman diagnostic should be < 1.05

Out of 813 variables: 0 > 1.01
                      0 > 1.05
                      0 > 1.1

The worst variables are:
             Point est. Upper C.I.
p.fac1[57,4]   1.005487   1.007098
p.fac1[41,4]   1.003180   1.003917
p.fac1[47,4]   1.001742   1.003371
p.fac1[53,3]   1.001634   1.002341
p.fac1[53,4]   1.001464   1.001545
p.fac1[30,4]   1.001440   1.002249
p.fac1[39,2]   1.001368   1.002824
p.fac1[65,4]   1.001275   1.002905
p.fac1[59,4]   1.001180   1.001675
p.fac1[17,4]   1.001040   1.002164

################################################################################
# Geweke Diagnostic
################################################################################

The Geweke diagnostic is a standard z-score, so we'd expect 5% to be outside +/-1.96
Number of variables outside +/-1.96 in each chain (out of 813):

       Chain 1 Chain 2 Chain 3
Geweke      60      28      46

################################################################################
# Summary Statistics
################################################################################

DIC = 3149.843

                   Mean    SD  2.5%    5%   25%   50%   75%   95% 97.5%
p.Station 5.EM4   0.423 0.064 0.304 0.321 0.379 0.421 0.466 0.534 0.555
p.Station 7.EM4   0.278 0.173 0.048 0.067 0.149 0.234 0.372 0.636 0.696
p.Station 8.EM4   0.497 0.147 0.241 0.280 0.389 0.482 0.599 0.756 0.794
p.Station 9.EM4   0.186 0.187 0.015 0.020 0.054 0.108 0.252 0.610 0.681
p.Station 10.EM4  0.397 0.163 0.132 0.169 0.276 0.371 0.503 0.704 0.754
p.Station 11.EM4  0.315 0.177 0.045 0.065 0.171 0.294 0.440 0.637 0.685
p.Station 13.EM4  0.449 0.157 0.184 0.219 0.330 0.434 0.559 0.725 0.769
p.Station 14.EM4  0.392 0.166 0.113 0.144 0.264 0.379 0.510 0.686 0.731
p.Station 15.EM4  0.341 0.176 0.062 0.085 0.201 0.322 0.464 0.656 0.708
p.Station 17.EM4  0.294 0.176 0.042 0.060 0.154 0.260 0.409 0.634 0.693
p.Station 18.EM4  0.323 0.179 0.047 0.066 0.179 0.304 0.448 0.645 0.698
p.Station 19.EM4  0.306 0.172 0.045 0.065 0.167 0.285 0.425 0.619 0.667
p.Station 20.EM4  0.196 0.171 0.020 0.028 0.073 0.136 0.261 0.588 0.656
p.Station 21.EM4  0.245 0.172 0.031 0.043 0.113 0.197 0.339 0.606 0.670
p.Station 23.EM4  0.255 0.170 0.033 0.046 0.120 0.214 0.360 0.595 0.652
p.Station 24.EM4  0.304 0.182 0.044 0.062 0.155 0.270 0.430 0.646 0.699
p.Station 25.EM4  0.234 0.173 0.027 0.037 0.096 0.182 0.336 0.590 0.643
p.Station 26.EM4  0.308 0.171 0.044 0.063 0.170 0.289 0.429 0.617 0.665
p.Station 27.EM4  0.248 0.172 0.030 0.044 0.110 0.203 0.355 0.590 0.647
p.Station 28.EM4  0.437 0.157 0.166 0.201 0.320 0.425 0.547 0.713 0.756
p.Station 29.EM4  0.276 0.174 0.043 0.059 0.143 0.235 0.376 0.627 0.690
p.Station 31.EM4  0.556 0.134 0.312 0.350 0.462 0.550 0.649 0.785 0.819
p.Station 32.EM4  0.312 0.181 0.048 0.067 0.165 0.284 0.441 0.648 0.695
p.Station 33.EM4  0.255 0.183 0.027 0.039 0.107 0.204 0.374 0.621 0.678
p.Station 34.EM4  0.266 0.198 0.029 0.040 0.106 0.205 0.395 0.663 0.717
p.Station 35.EM4  0.280 0.185 0.037 0.051 0.129 0.236 0.400 0.644 0.698
p.Station 36.EM4  0.314 0.180 0.050 0.069 0.170 0.285 0.441 0.649 0.696
p.Station 37.EM4  0.490 0.148 0.230 0.267 0.378 0.480 0.594 0.748 0.787
p.Station 38.EM4  0.377 0.173 0.108 0.135 0.238 0.354 0.501 0.690 0.736
p.Station 39.EM4  0.667 0.124 0.408 0.464 0.590 0.672 0.754 0.854 0.880
p.Station 40.EM4  0.513 0.151 0.250 0.294 0.400 0.498 0.620 0.778 0.815
p.Station 41.EM4  0.560 0.134 0.323 0.358 0.462 0.552 0.654 0.789 0.825
p.Station 42.EM4  0.206 0.184 0.019 0.026 0.073 0.138 0.275 0.624 0.689
p.Station 43.EM4  0.210 0.111 0.039 0.053 0.123 0.197 0.284 0.411 0.452
p.Station 44.EM4  0.314 0.190 0.050 0.073 0.170 0.264 0.429 0.692 0.746
p.Station 45.EM4  0.788 0.092 0.592 0.632 0.734 0.797 0.854 0.919 0.933
p.Station 46.EM4  0.298 0.212 0.028 0.042 0.128 0.235 0.449 0.706 0.756
p.Station 47.EM4  0.208 0.111 0.039 0.052 0.120 0.194 0.281 0.410 0.447
p.Station 48.EM4  0.192 0.196 0.012 0.018 0.051 0.107 0.267 0.638 0.701
p.Station 49.EM4  0.257 0.160 0.033 0.047 0.123 0.230 0.372 0.552 0.594
p.Station 50.EM4  0.784 0.090 0.593 0.630 0.729 0.792 0.849 0.915 0.933
p.Station 51.EM4  0.426 0.165 0.154 0.188 0.299 0.406 0.545 0.718 0.762
p.Station 52.EM4  0.601 0.134 0.363 0.396 0.501 0.596 0.700 0.824 0.857
p.Station 53.EM4  0.141 0.080 0.027 0.036 0.082 0.128 0.187 0.293 0.332
p.Station 54.EM4  0.231 0.176 0.025 0.035 0.091 0.176 0.335 0.591 0.648
p.Station 55.EM4  0.844 0.081 0.653 0.697 0.802 0.857 0.901 0.946 0.957
p.Station 56.EM4  0.595 0.144 0.291 0.351 0.500 0.599 0.699 0.819 0.848
p.Station 57.EM4  0.872 0.085 0.681 0.728 0.838 0.891 0.929 0.964 0.971
p.Station 58.EM4  0.254 0.156 0.033 0.048 0.124 0.228 0.364 0.542 0.588
p.Station 59.EM4  0.078 0.059 0.011 0.015 0.035 0.061 0.104 0.195 0.233
p.Station 60.EM4  0.253 0.152 0.037 0.051 0.127 0.230 0.360 0.533 0.576
p.Station 61.EM4  0.678 0.131 0.377 0.449 0.603 0.689 0.771 0.864 0.890
p.Station 62.EM4  0.876 0.095 0.660 0.722 0.845 0.899 0.936 0.968 0.975
p.Station 63.EM4  0.166 0.090 0.033 0.044 0.098 0.154 0.222 0.332 0.371
p.Station 64.EM4  0.100 0.064 0.018 0.024 0.052 0.085 0.131 0.226 0.267
p.Station 65.EM4  0.244 0.169 0.031 0.043 0.109 0.198 0.346 0.586 0.640
p.Station 66.EM4  0.846 0.089 0.641 0.690 0.804 0.862 0.906 0.951 0.961
p.Station 67.EM4  0.617 0.145 0.300 0.367 0.524 0.626 0.721 0.834 0.864
p.Station 68.EM4  0.740 0.106 0.513 0.561 0.678 0.748 0.816 0.892 0.915
p.Station 69.EM4  0.260 0.155 0.038 0.052 0.133 0.235 0.368 0.549 0.596
p.Station 70.EM4  0.528 0.151 0.273 0.309 0.414 0.513 0.637 0.791 0.827
p.Station 71.EM4  0.325 0.178 0.065 0.092 0.192 0.282 0.431 0.681 0.736
p.Station 72.EM4  0.261 0.151 0.039 0.055 0.137 0.238 0.366 0.542 0.585
p.Station 73.EM4  0.745 0.098 0.543 0.581 0.683 0.750 0.815 0.894 0.916
p.Station 74.EM4  0.478 0.158 0.198 0.239 0.360 0.466 0.591 0.751 0.791
p.Station 75.EM4  0.495 0.148 0.234 0.272 0.388 0.484 0.599 0.754 0.794
p.Station 76.EM4  0.232 0.125 0.041 0.057 0.133 0.217 0.316 0.459 0.505
p.Station 77.EM4  0.234 0.123 0.044 0.058 0.136 0.219 0.318 0.454 0.494
p.Station 78.EM4  0.259 0.150 0.041 0.056 0.136 0.235 0.364 0.536 0.584
p.Station 79.EM4  0.274 0.212 0.019 0.028 0.090 0.215 0.432 0.680 0.721
p.Station 80.EM4  0.377 0.169 0.099 0.130 0.246 0.361 0.493 0.680 0.726
p.Station 82.EM4  0.348 0.177 0.065 0.088 0.207 0.332 0.473 0.665 0.714
p.Station 83.EM4  0.344 0.179 0.071 0.097 0.200 0.316 0.470 0.677 0.721
p.Station 84.EM4  0.306 0.167 0.047 0.066 0.171 0.288 0.425 0.606 0.653
p.Station 85.EM4  0.345 0.179 0.080 0.103 0.201 0.312 0.470 0.681 0.728
p.Station 86.EM4  0.156 0.086 0.030 0.040 0.091 0.144 0.207 0.318 0.355
p.Station 87.EM4  0.121 0.071 0.022 0.030 0.069 0.109 0.160 0.253 0.292
p.Station 88.EM4  0.308 0.172 0.043 0.063 0.168 0.290 0.432 0.619 0.666
p.Station 89.EM4  0.491 0.180 0.141 0.194 0.357 0.489 0.632 0.779 0.814
p.Station 90.EM4  0.476 0.181 0.131 0.183 0.341 0.472 0.615 0.770 0.806
p.Station 91.EM4  0.490 0.165 0.183 0.231 0.368 0.481 0.613 0.766 0.802
p.Station 92.EM4  0.532 0.148 0.259 0.301 0.424 0.525 0.639 0.783 0.817
p.Station 93.EM4  0.273 0.145 0.048 0.065 0.156 0.257 0.375 0.534 0.575
p.Station 94.EM4  0.306 0.167 0.047 0.067 0.172 0.289 0.425 0.607 0.652
p.Station 95.EM4  0.377 0.173 0.103 0.132 0.240 0.354 0.499 0.692 0.738
p.Station 96.EM4  0.395 0.169 0.121 0.151 0.263 0.374 0.514 0.700 0.746
p.Station 97.EM4  0.428 0.165 0.159 0.189 0.301 0.407 0.546 0.724 0.767
p.Station 98.EM4  0.410 0.163 0.136 0.169 0.285 0.396 0.525 0.699 0.744
p.Station 99.EM4  0.545 0.137 0.296 0.335 0.447 0.539 0.642 0.776 0.812
p.Station 100.EM4 0.368 0.170 0.092 0.119 0.236 0.351 0.488 0.675 0.724
p.Station 101.EM4 0.414 0.165 0.142 0.172 0.287 0.397 0.531 0.709 0.752
p.Station 102.EM4 0.331 0.179 0.057 0.079 0.185 0.308 0.459 0.657 0.705
p.Station 103.EM4 0.302 0.181 0.042 0.059 0.154 0.272 0.429 0.642 0.691
p.Station 104.EM4 0.289 0.156 0.048 0.066 0.165 0.273 0.400 0.571 0.614
p.Station 105.EM4 0.561 0.138 0.301 0.346 0.465 0.558 0.660 0.790 0.822
p.Station 106.EM4 0.322 0.179 0.046 0.066 0.177 0.302 0.450 0.643 0.689
p.Station 107.EM4 0.708 0.157 0.283 0.387 0.641 0.742 0.816 0.896 0.915
p.Station 108.EM4 0.415 0.165 0.143 0.174 0.285 0.396 0.534 0.711 0.755
p.Station 109.EM4 0.282 0.185 0.034 0.048 0.132 0.240 0.408 0.637 0.690
p.Station 110.EM4 0.330 0.180 0.065 0.087 0.186 0.297 0.456 0.669 0.716
p.Station 112.EM4 0.253 0.187 0.025 0.036 0.102 0.199 0.371 0.629 0.681
p.Station 5.EM5   0.202 0.052 0.105 0.120 0.167 0.200 0.235 0.289 0.310
p.Station 7.EM5   0.099 0.066 0.013 0.019 0.050 0.087 0.134 0.222 0.258
p.Station 8.EM5   0.126 0.088 0.014 0.021 0.058 0.106 0.173 0.293 0.343
p.Station 9.EM5   0.060 0.050 0.008 0.010 0.027 0.047 0.077 0.154 0.191
p.Station 10.EM5  0.120 0.082 0.015 0.022 0.058 0.104 0.164 0.274 0.319
p.Station 11.EM5  0.230 0.130 0.027 0.039 0.122 0.224 0.327 0.449 0.484
p.Station 13.EM5  0.305 0.175 0.027 0.043 0.154 0.301 0.442 0.593 0.632
p.Station 14.EM5  0.249 0.142 0.026 0.040 0.130 0.241 0.354 0.488 0.531
p.Station 15.EM5  0.218 0.125 0.025 0.037 0.115 0.209 0.308 0.430 0.470
p.Station 17.EM5  0.166 0.096 0.021 0.031 0.087 0.156 0.231 0.331 0.366
p.Station 18.EM5  0.257 0.143 0.028 0.043 0.138 0.253 0.367 0.491 0.531
p.Station 19.EM5  0.219 0.126 0.026 0.039 0.116 0.209 0.309 0.435 0.480
p.Station 20.EM5  0.081 0.055 0.011 0.016 0.040 0.070 0.109 0.181 0.214
p.Station 21.EM5  0.119 0.073 0.017 0.023 0.063 0.109 0.163 0.251 0.283
p.Station 23.EM5  0.135 0.082 0.019 0.027 0.071 0.123 0.186 0.283 0.320
p.Station 24.EM5  0.433 0.218 0.039 0.062 0.255 0.460 0.610 0.747 0.785
p.Station 25.EM5  0.098 0.071 0.013 0.018 0.047 0.081 0.131 0.230 0.273
p.Station 26.EM5  0.295 0.164 0.031 0.048 0.158 0.293 0.421 0.564 0.606
p.Station 27.EM5  0.117 0.077 0.015 0.022 0.058 0.103 0.159 0.262 0.305
p.Station 28.EM5  0.237 0.140 0.023 0.036 0.120 0.225 0.338 0.482 0.526
p.Station 29.EM5  0.129 0.078 0.018 0.025 0.068 0.119 0.179 0.266 0.299
p.Station 31.EM5  0.193 0.126 0.018 0.028 0.089 0.174 0.278 0.427 0.473
p.Station 32.EM5  0.410 0.209 0.038 0.060 0.237 0.432 0.579 0.717 0.758
p.Station 33.EM5  0.508 0.249 0.042 0.069 0.302 0.564 0.713 0.843 0.873
p.Station 34.EM5  0.540 0.274 0.037 0.062 0.302 0.606 0.777 0.889 0.912
p.Station 35.EM5  0.493 0.240 0.041 0.068 0.296 0.543 0.690 0.823 0.854
p.Station 36.EM5  0.412 0.211 0.039 0.062 0.236 0.435 0.582 0.723 0.768
p.Station 37.EM5  0.261 0.156 0.025 0.037 0.129 0.247 0.380 0.527 0.569
p.Station 38.EM5  0.374 0.201 0.032 0.050 0.206 0.386 0.537 0.681 0.723
p.Station 39.EM5  0.156 0.109 0.014 0.021 0.066 0.134 0.229 0.363 0.404
p.Station 40.EM5  0.096 0.072 0.011 0.016 0.042 0.078 0.131 0.240 0.278
p.Station 41.EM5  0.120 0.087 0.014 0.019 0.054 0.100 0.166 0.291 0.336
p.Station 42.EM5  0.059 0.049 0.007 0.010 0.026 0.046 0.076 0.151 0.184
p.Station 43.EM5  0.172 0.125 0.019 0.027 0.075 0.141 0.239 0.426 0.482
p.Station 44.EM5  0.066 0.055 0.007 0.010 0.028 0.051 0.087 0.170 0.208
p.Station 45.EM5  0.077 0.059 0.008 0.011 0.032 0.061 0.106 0.193 0.224
p.Station 46.EM5  0.058 0.054 0.006 0.008 0.022 0.042 0.076 0.161 0.201
p.Station 47.EM5  0.169 0.123 0.018 0.027 0.074 0.138 0.235 0.416 0.476
p.Station 48.EM5  0.052 0.048 0.006 0.008 0.021 0.038 0.066 0.142 0.179
p.Station 49.EM5  0.112 0.085 0.014 0.019 0.050 0.090 0.152 0.282 0.332
p.Station 50.EM5  0.076 0.058 0.008 0.011 0.032 0.061 0.104 0.191 0.223
p.Station 51.EM5  0.351 0.196 0.031 0.047 0.180 0.356 0.513 0.660 0.698
p.Station 52.EM5  0.085 0.067 0.010 0.014 0.036 0.067 0.117 0.219 0.257
p.Station 53.EM5  0.124 0.093 0.014 0.020 0.054 0.100 0.169 0.311 0.364
p.Station 54.EM5  0.091 0.066 0.012 0.017 0.043 0.076 0.122 0.218 0.259
p.Station 55.EM5  0.059 0.048 0.006 0.008 0.024 0.046 0.081 0.153 0.184
p.Station 56.EM5  0.217 0.141 0.019 0.029 0.097 0.196 0.320 0.473 0.516
p.Station 57.EM5  0.048 0.042 0.004 0.007 0.018 0.036 0.065 0.131 0.160
p.Station 58.EM5  0.123 0.094 0.015 0.021 0.054 0.098 0.166 0.311 0.366
p.Station 59.EM5  0.068 0.062 0.006 0.009 0.025 0.048 0.091 0.196 0.238
p.Station 60.EM5  0.131 0.099 0.015 0.022 0.058 0.105 0.178 0.328 0.385
p.Station 61.EM5  0.156 0.111 0.014 0.021 0.065 0.132 0.226 0.369 0.415
p.Station 62.EM5  0.046 0.042 0.004 0.006 0.017 0.033 0.061 0.130 0.160
p.Station 63.EM5  0.144 0.105 0.016 0.023 0.064 0.118 0.200 0.355 0.410
p.Station 64.EM5  0.088 0.072 0.010 0.013 0.037 0.067 0.118 0.234 0.283
p.Station 65.EM5  0.112 0.076 0.016 0.021 0.055 0.096 0.150 0.259 0.298
p.Station 66.EM5  0.060 0.050 0.006 0.008 0.024 0.046 0.083 0.160 0.190
p.Station 67.EM5  0.202 0.137 0.017 0.025 0.087 0.176 0.297 0.456 0.498
p.Station 68.EM5  0.111 0.081 0.011 0.016 0.047 0.092 0.158 0.270 0.310
p.Station 69.EM5  0.145 0.104 0.018 0.025 0.067 0.121 0.198 0.352 0.407
p.Station 70.EM5  0.085 0.066 0.010 0.014 0.037 0.068 0.115 0.216 0.256
p.Station 71.EM5  0.080 0.061 0.010 0.014 0.036 0.065 0.107 0.197 0.235
p.Station 72.EM5  0.150 0.106 0.017 0.026 0.069 0.125 0.206 0.359 0.416
p.Station 73.EM5  0.086 0.064 0.009 0.013 0.037 0.069 0.119 0.214 0.250
p.Station 74.EM5  0.312 0.182 0.026 0.041 0.152 0.307 0.457 0.608 0.646
p.Station 75.EM5  0.242 0.147 0.024 0.036 0.118 0.227 0.351 0.498 0.542
p.Station 76.EM5  0.173 0.126 0.019 0.027 0.076 0.141 0.240 0.424 0.489
p.Station 77.EM5  0.187 0.132 0.021 0.030 0.083 0.155 0.261 0.448 0.512
p.Station 78.EM5  0.154 0.109 0.019 0.026 0.071 0.128 0.209 0.368 0.431
p.Station 79.EM5  0.485 0.297 0.032 0.050 0.203 0.486 0.770 0.908 0.930
p.Station 80.EM5  0.212 0.125 0.023 0.035 0.108 0.203 0.300 0.425 0.467
p.Station 82.EM5  0.292 0.160 0.031 0.046 0.157 0.293 0.415 0.547 0.592
p.Station 83.EM5  0.383 0.202 0.033 0.055 0.213 0.400 0.543 0.690 0.734
p.Station 84.EM5  0.242 0.141 0.026 0.040 0.125 0.230 0.343 0.485 0.534
p.Station 85.EM5  0.417 0.217 0.035 0.057 0.235 0.441 0.594 0.735 0.775
p.Station 86.EM5  0.140 0.100 0.016 0.023 0.063 0.118 0.194 0.335 0.389
p.Station 87.EM5  0.107 0.080 0.012 0.017 0.048 0.087 0.145 0.265 0.314
p.Station 88.EM5  0.309 0.169 0.035 0.052 0.167 0.306 0.441 0.584 0.625
p.Station 89.EM5  0.305 0.196 0.023 0.035 0.131 0.283 0.461 0.640 0.685
p.Station 90.EM5  0.320 0.204 0.024 0.037 0.139 0.297 0.487 0.667 0.711
p.Station 91.EM5  0.310 0.189 0.024 0.037 0.144 0.300 0.465 0.622 0.660
p.Station 92.EM5  0.258 0.161 0.022 0.034 0.120 0.241 0.383 0.535 0.577
p.Station 93.EM5  0.254 0.159 0.028 0.041 0.123 0.231 0.361 0.549 0.606
p.Station 94.EM5  0.282 0.160 0.031 0.046 0.148 0.273 0.403 0.551 0.594
p.Station 95.EM5  0.358 0.194 0.031 0.051 0.193 0.369 0.515 0.657 0.695
p.Station 96.EM5  0.355 0.194 0.032 0.049 0.190 0.363 0.509 0.659 0.701
p.Station 97.EM5  0.349 0.194 0.030 0.046 0.180 0.352 0.507 0.654 0.690
p.Station 98.EM5  0.278 0.158 0.027 0.042 0.146 0.272 0.397 0.542 0.586
p.Station 99.EM5  0.192 0.124 0.019 0.029 0.089 0.171 0.274 0.423 0.468
p.Station 100.EM5 0.215 0.125 0.024 0.035 0.113 0.205 0.305 0.431 0.471
p.Station 101.EM5 0.311 0.176 0.029 0.045 0.161 0.309 0.449 0.596 0.638
p.Station 102.EM5 0.371 0.193 0.036 0.057 0.209 0.387 0.524 0.665 0.704
p.Station 103.EM5 0.415 0.211 0.038 0.062 0.242 0.438 0.584 0.728 0.768
p.Station 104.EM5 0.247 0.150 0.027 0.039 0.124 0.230 0.348 0.518 0.574
p.Station 105.EM5 0.218 0.139 0.020 0.031 0.101 0.200 0.318 0.470 0.509
p.Station 106.EM5 0.334 0.177 0.033 0.053 0.185 0.341 0.473 0.611 0.652
p.Station 107.EM5 0.134 0.104 0.011 0.017 0.053 0.106 0.189 0.338 0.393
p.Station 108.EM5 0.331 0.186 0.030 0.046 0.170 0.333 0.480 0.631 0.669
p.Station 109.EM5 0.464 0.231 0.040 0.065 0.273 0.503 0.652 0.788 0.825
p.Station 110.EM5 0.423 0.215 0.037 0.060 0.244 0.449 0.599 0.738 0.778
p.Station 112.EM5 0.520 0.257 0.041 0.068 0.308 0.576 0.736 0.862 0.888
p.Station 5.EM6   0.273 0.055 0.163 0.182 0.236 0.274 0.311 0.364 0.381
p.Station 7.EM6   0.576 0.210 0.084 0.137 0.457 0.634 0.734 0.831 0.855
p.Station 8.EM6   0.331 0.170 0.038 0.059 0.192 0.336 0.461 0.601 0.642
p.Station 9.EM6   0.701 0.243 0.079 0.142 0.611 0.800 0.874 0.928 0.939
p.Station 10.EM6  0.434 0.192 0.054 0.086 0.293 0.463 0.582 0.709 0.744
p.Station 11.EM6  0.372 0.165 0.054 0.083 0.246 0.392 0.498 0.612 0.654
p.Station 13.EM6  0.183 0.111 0.025 0.036 0.097 0.166 0.249 0.390 0.441
p.Station 14.EM6  0.291 0.145 0.039 0.061 0.176 0.290 0.398 0.529 0.571
p.Station 15.EM6  0.369 0.166 0.053 0.080 0.242 0.386 0.496 0.615 0.654
p.Station 17.EM6  0.470 0.190 0.066 0.101 0.343 0.510 0.617 0.721 0.755
p.Station 18.EM6  0.335 0.154 0.049 0.074 0.216 0.346 0.451 0.570 0.612
p.Station 19.EM6  0.366 0.165 0.053 0.079 0.241 0.382 0.491 0.615 0.657
p.Station 20.EM6  0.667 0.215 0.094 0.166 0.584 0.743 0.818 0.886 0.904
p.Station 21.EM6  0.572 0.202 0.086 0.141 0.462 0.630 0.720 0.811 0.839
p.Station 23.EM6  0.514 0.197 0.075 0.119 0.386 0.561 0.665 0.763 0.790
p.Station 24.EM6  0.182 0.104 0.028 0.039 0.102 0.170 0.246 0.366 0.416
p.Station 25.EM6  0.547 0.218 0.069 0.111 0.404 0.607 0.722 0.810 0.830
p.Station 26.EM6  0.276 0.138 0.040 0.060 0.168 0.274 0.374 0.506 0.552
p.Station 27.EM6  0.521 0.208 0.069 0.112 0.382 0.573 0.685 0.781 0.806
p.Station 28.EM6  0.263 0.138 0.036 0.053 0.154 0.258 0.361 0.498 0.540
p.Station 29.EM6  0.537 0.200 0.075 0.125 0.421 0.589 0.688 0.785 0.814
p.Station 31.EM6  0.199 0.120 0.025 0.036 0.103 0.183 0.279 0.416 0.461
p.Station 32.EM6  0.198 0.110 0.031 0.043 0.113 0.186 0.267 0.393 0.440
p.Station 33.EM6  0.140 0.094 0.020 0.028 0.071 0.121 0.186 0.317 0.375
p.Station 34.EM6  0.108 0.084 0.013 0.019 0.048 0.086 0.142 0.272 0.332
p.Station 35.EM6  0.147 0.093 0.021 0.030 0.079 0.131 0.197 0.318 0.373
p.Station 36.EM6  0.193 0.108 0.028 0.042 0.110 0.183 0.262 0.382 0.430
p.Station 37.EM6  0.190 0.114 0.026 0.038 0.101 0.173 0.262 0.401 0.450
p.Station 38.EM6  0.179 0.106 0.026 0.037 0.097 0.164 0.243 0.371 0.422
p.Station 39.EM6  0.133 0.093 0.017 0.023 0.063 0.115 0.184 0.308 0.351
p.Station 40.EM6  0.349 0.180 0.037 0.058 0.203 0.358 0.486 0.628 0.672
p.Station 41.EM6  0.278 0.151 0.031 0.048 0.156 0.271 0.389 0.528 0.569
p.Station 42.EM6  0.696 0.236 0.091 0.152 0.601 0.786 0.866 0.929 0.943
p.Station 43.EM6  0.201 0.115 0.031 0.043 0.109 0.186 0.278 0.412 0.452
p.Station 44.EM6  0.579 0.239 0.064 0.105 0.425 0.644 0.765 0.877 0.908
p.Station 45.EM6  0.109 0.079 0.013 0.018 0.050 0.092 0.149 0.253 0.294
p.Station 46.EM6  0.599 0.269 0.053 0.088 0.391 0.683 0.819 0.923 0.943
p.Station 47.EM6  0.201 0.115 0.030 0.042 0.109 0.185 0.279 0.412 0.450
p.Station 48.EM6  0.710 0.255 0.074 0.129 0.601 0.819 0.894 0.947 0.958
p.Station 49.EM6  0.415 0.200 0.050 0.076 0.250 0.433 0.583 0.707 0.732
p.Station 50.EM6  0.114 0.079 0.013 0.018 0.052 0.097 0.157 0.263 0.301
p.Station 51.EM6  0.156 0.101 0.022 0.031 0.079 0.137 0.212 0.347 0.404
p.Station 52.EM6  0.273 0.154 0.029 0.045 0.144 0.265 0.392 0.528 0.565
p.Station 53.EM6  0.122 0.078 0.018 0.025 0.062 0.106 0.165 0.272 0.309
p.Station 54.EM6  0.562 0.222 0.070 0.112 0.419 0.627 0.739 0.823 0.844
p.Station 55.EM6  0.076 0.063 0.008 0.012 0.033 0.061 0.102 0.190 0.230
p.Station 56.EM6  0.131 0.093 0.017 0.023 0.062 0.109 0.178 0.311 0.362
p.Station 57.EM6  0.061 0.061 0.006 0.009 0.024 0.044 0.078 0.160 0.200
p.Station 58.EM6  0.398 0.191 0.052 0.077 0.241 0.414 0.558 0.681 0.708
p.Station 59.EM6  0.066 0.054 0.008 0.011 0.027 0.050 0.088 0.174 0.210
p.Station 60.EM6  0.383 0.184 0.049 0.075 0.234 0.395 0.533 0.663 0.692
p.Station 61.EM6  0.119 0.086 0.015 0.021 0.055 0.099 0.163 0.283 0.330
p.Station 62.EM6  0.057 0.065 0.005 0.008 0.021 0.040 0.072 0.153 0.196
p.Station 63.EM6  0.144 0.089 0.022 0.030 0.075 0.128 0.197 0.312 0.356
p.Station 64.EM6  0.086 0.062 0.012 0.016 0.041 0.070 0.114 0.209 0.247
p.Station 65.EM6  0.517 0.207 0.068 0.112 0.374 0.568 0.682 0.778 0.802
p.Station 66.EM6  0.072 0.064 0.008 0.011 0.030 0.056 0.095 0.184 0.222
p.Station 67.EM6  0.124 0.090 0.016 0.022 0.058 0.103 0.168 0.296 0.345
p.Station 68.EM6  0.114 0.081 0.014 0.019 0.054 0.097 0.157 0.263 0.301
p.Station 69.EM6  0.385 0.181 0.053 0.079 0.240 0.399 0.532 0.657 0.689
p.Station 70.EM6  0.344 0.180 0.034 0.054 0.194 0.355 0.485 0.621 0.661
p.Station 71.EM6  0.554 0.223 0.066 0.109 0.413 0.609 0.724 0.842 0.873
p.Station 72.EM6  0.366 0.177 0.049 0.074 0.224 0.377 0.505 0.641 0.673
p.Station 73.EM6  0.139 0.093 0.016 0.023 0.067 0.122 0.195 0.313 0.350
p.Station 74.EM6  0.147 0.098 0.019 0.027 0.073 0.127 0.199 0.331 0.385
p.Station 75.EM6  0.204 0.121 0.028 0.039 0.107 0.189 0.282 0.422 0.472
p.Station 76.EM6  0.249 0.135 0.036 0.051 0.140 0.237 0.348 0.486 0.525
p.Station 77.EM6  0.234 0.130 0.035 0.049 0.129 0.221 0.325 0.466 0.502
p.Station 78.EM6  0.365 0.176 0.049 0.073 0.225 0.373 0.505 0.636 0.669
p.Station 79.EM6  0.107 0.092 0.011 0.016 0.043 0.079 0.142 0.297 0.362
p.Station 80.EM6  0.345 0.162 0.047 0.071 0.219 0.357 0.467 0.597 0.637
p.Station 82.EM6  0.284 0.140 0.043 0.061 0.174 0.284 0.387 0.508 0.552
p.Station 83.EM6  0.199 0.112 0.029 0.041 0.113 0.187 0.270 0.397 0.443
p.Station 84.EM6  0.321 0.154 0.049 0.071 0.200 0.327 0.435 0.570 0.613
p.Station 85.EM6  0.166 0.101 0.024 0.034 0.089 0.149 0.225 0.354 0.408
p.Station 86.EM6  0.130 0.081 0.020 0.028 0.068 0.113 0.176 0.288 0.325
p.Station 87.EM6  0.099 0.067 0.015 0.020 0.050 0.084 0.132 0.229 0.265
p.Station 88.EM6  0.265 0.136 0.039 0.056 0.159 0.261 0.359 0.494 0.543
p.Station 89.EM6  0.119 0.091 0.016 0.022 0.053 0.096 0.160 0.298 0.359
p.Station 90.EM6  0.118 0.090 0.015 0.021 0.054 0.095 0.158 0.293 0.350
p.Station 91.EM6  0.130 0.093 0.018 0.024 0.062 0.107 0.175 0.313 0.370
p.Station 92.EM6  0.151 0.101 0.019 0.027 0.075 0.130 0.206 0.345 0.396
p.Station 93.EM6  0.235 0.130 0.035 0.051 0.133 0.220 0.321 0.472 0.520
p.Station 94.EM6  0.276 0.140 0.041 0.060 0.166 0.272 0.375 0.514 0.562
p.Station 95.EM6  0.195 0.111 0.029 0.041 0.110 0.182 0.264 0.391 0.446
p.Station 96.EM6  0.182 0.110 0.026 0.037 0.098 0.167 0.247 0.388 0.433
p.Station 97.EM6  0.157 0.101 0.022 0.030 0.081 0.138 0.212 0.347 0.401
p.Station 98.EM6  0.245 0.130 0.035 0.051 0.143 0.238 0.336 0.467 0.518
p.Station 99.EM6  0.212 0.126 0.027 0.039 0.112 0.196 0.294 0.438 0.487
p.Station 100.EM6 0.349 0.162 0.048 0.074 0.225 0.361 0.473 0.596 0.637
p.Station 101.EM6 0.208 0.118 0.030 0.043 0.115 0.195 0.285 0.419 0.465
p.Station 102.EM6 0.220 0.117 0.034 0.048 0.130 0.212 0.297 0.419 0.470
p.Station 103.EM6 0.197 0.109 0.030 0.044 0.113 0.187 0.266 0.390 0.441
p.Station 104.EM6 0.281 0.144 0.043 0.061 0.168 0.275 0.382 0.527 0.576
p.Station 105.EM6 0.167 0.107 0.022 0.031 0.084 0.148 0.230 0.369 0.416
p.Station 106.EM6 0.257 0.130 0.040 0.059 0.154 0.254 0.347 0.471 0.517
p.Station 107.EM6 0.101 0.082 0.012 0.017 0.045 0.079 0.132 0.257 0.325
p.Station 108.EM6 0.187 0.111 0.026 0.038 0.101 0.171 0.255 0.389 0.439
p.Station 109.EM6 0.165 0.100 0.024 0.035 0.091 0.149 0.221 0.347 0.402
p.Station 110.EM6 0.173 0.103 0.026 0.037 0.095 0.159 0.234 0.359 0.407
p.Station 112.EM6 0.132 0.092 0.018 0.025 0.065 0.112 0.174 0.308 0.370
p.Station 5.EM7   0.101 0.018 0.069 0.073 0.088 0.100 0.113 0.132 0.139
p.Station 7.EM7   0.047 0.036 0.006 0.008 0.020 0.037 0.063 0.123 0.142
p.Station 8.EM7   0.047 0.032 0.006 0.009 0.022 0.040 0.064 0.106 0.123
p.Station 9.EM7   0.054 0.045 0.007 0.010 0.023 0.039 0.069 0.150 0.175
p.Station 10.EM7  0.048 0.034 0.006 0.009 0.023 0.040 0.066 0.116 0.133
p.Station 11.EM7  0.083 0.046 0.015 0.021 0.048 0.077 0.110 0.165 0.185
p.Station 13.EM7  0.063 0.045 0.008 0.011 0.030 0.054 0.086 0.149 0.177
p.Station 14.EM7  0.068 0.042 0.010 0.014 0.036 0.061 0.092 0.144 0.165
p.Station 15.EM7  0.073 0.043 0.011 0.015 0.040 0.066 0.098 0.153 0.171
p.Station 17.EM7  0.070 0.041 0.012 0.017 0.040 0.063 0.094 0.148 0.166
p.Station 18.EM7  0.086 0.046 0.016 0.022 0.051 0.080 0.114 0.168 0.189
p.Station 19.EM7  0.109 0.047 0.036 0.043 0.074 0.103 0.137 0.191 0.213
p.Station 20.EM7  0.056 0.040 0.010 0.013 0.029 0.045 0.071 0.141 0.163
p.Station 21.EM7  0.064 0.039 0.012 0.017 0.036 0.055 0.084 0.142 0.160
p.Station 23.EM7  0.097 0.044 0.034 0.040 0.066 0.089 0.120 0.179 0.200
p.Station 24.EM7  0.081 0.057 0.010 0.014 0.038 0.069 0.113 0.189 0.219
p.Station 25.EM7  0.121 0.048 0.053 0.061 0.088 0.111 0.145 0.213 0.238
p.Station 26.EM7  0.121 0.052 0.042 0.049 0.083 0.115 0.152 0.214 0.237
p.Station 27.EM7  0.115 0.046 0.048 0.056 0.082 0.106 0.138 0.202 0.224
p.Station 28.EM7  0.063 0.040 0.009 0.013 0.033 0.056 0.085 0.135 0.155
p.Station 29.EM7  0.057 0.039 0.008 0.011 0.028 0.048 0.077 0.134 0.154
p.Station 31.EM7  0.051 0.035 0.007 0.010 0.025 0.043 0.068 0.115 0.137
p.Station 32.EM7  0.080 0.055 0.010 0.014 0.038 0.069 0.111 0.183 0.212
p.Station 33.EM7  0.097 0.069 0.014 0.019 0.045 0.078 0.133 0.233 0.271
p.Station 34.EM7  0.086 0.078 0.005 0.008 0.026 0.062 0.125 0.244 0.289
p.Station 35.EM7  0.079 0.062 0.008 0.011 0.032 0.063 0.112 0.202 0.237
p.Station 36.EM7  0.080 0.056 0.010 0.014 0.037 0.068 0.111 0.188 0.217
p.Station 37.EM7  0.059 0.041 0.008 0.011 0.029 0.051 0.080 0.136 0.160
p.Station 38.EM7  0.070 0.051 0.008 0.011 0.032 0.059 0.097 0.166 0.195
p.Station 39.EM7  0.044 0.035 0.006 0.008 0.020 0.035 0.057 0.108 0.133
p.Station 40.EM7  0.042 0.031 0.005 0.007 0.019 0.035 0.059 0.101 0.117
p.Station 41.EM7  0.043 0.029 0.006 0.008 0.021 0.036 0.058 0.097 0.112
p.Station 42.EM7  0.040 0.040 0.003 0.005 0.013 0.025 0.051 0.128 0.151
p.Station 43.EM7  0.417 0.088 0.244 0.269 0.353 0.424 0.480 0.549 0.577
p.Station 44.EM7  0.041 0.038 0.003 0.005 0.013 0.028 0.059 0.119 0.138
p.Station 45.EM7  0.026 0.021 0.004 0.005 0.012 0.021 0.034 0.063 0.076
p.Station 46.EM7  0.045 0.044 0.003 0.004 0.012 0.028 0.068 0.135 0.153
p.Station 47.EM7  0.422 0.089 0.250 0.273 0.357 0.428 0.487 0.555 0.583
p.Station 48.EM7  0.046 0.046 0.004 0.005 0.015 0.029 0.062 0.146 0.169
p.Station 49.EM7  0.216 0.065 0.114 0.125 0.167 0.208 0.256 0.328 0.352
p.Station 50.EM7  0.026 0.021 0.004 0.005 0.012 0.021 0.034 0.063 0.076
p.Station 51.EM7  0.067 0.050 0.007 0.010 0.029 0.056 0.091 0.162 0.194
p.Station 52.EM7  0.040 0.029 0.005 0.007 0.018 0.034 0.055 0.093 0.108
p.Station 53.EM7  0.613 0.104 0.390 0.425 0.543 0.627 0.690 0.761 0.788
p.Station 54.EM7  0.116 0.048 0.049 0.056 0.082 0.105 0.139 0.209 0.234
p.Station 55.EM7  0.021 0.019 0.003 0.004 0.009 0.016 0.027 0.055 0.069
p.Station 56.EM7  0.057 0.046 0.007 0.010 0.025 0.045 0.074 0.148 0.181
p.Station 57.EM7  0.019 0.023 0.002 0.003 0.007 0.013 0.023 0.054 0.073
p.Station 58.EM7  0.225 0.064 0.122 0.134 0.179 0.220 0.264 0.334 0.359
p.Station 59.EM7  0.788 0.115 0.527 0.573 0.715 0.809 0.881 0.935 0.947
p.Station 60.EM7  0.233 0.064 0.125 0.138 0.187 0.229 0.273 0.342 0.366
p.Station 61.EM7  0.047 0.040 0.006 0.008 0.020 0.036 0.061 0.127 0.156
p.Station 62.EM7  0.021 0.029 0.002 0.003 0.007 0.013 0.024 0.065 0.092
p.Station 63.EM7  0.546 0.100 0.334 0.369 0.477 0.557 0.618 0.692 0.722
p.Station 64.EM7  0.726 0.113 0.477 0.515 0.653 0.747 0.814 0.875 0.892
p.Station 65.EM7  0.128 0.048 0.058 0.066 0.095 0.119 0.152 0.218 0.241
p.Station 66.EM7  0.022 0.023 0.003 0.004 0.009 0.016 0.028 0.062 0.081
p.Station 67.EM7  0.058 0.048 0.007 0.009 0.025 0.044 0.074 0.154 0.187
p.Station 68.EM7  0.035 0.029 0.005 0.006 0.015 0.027 0.045 0.087 0.108
p.Station 69.EM7  0.209 0.058 0.109 0.122 0.169 0.205 0.244 0.309 0.331
p.Station 70.EM7  0.042 0.031 0.005 0.007 0.019 0.035 0.059 0.101 0.118
p.Station 71.EM7  0.042 0.036 0.004 0.006 0.016 0.030 0.057 0.115 0.134
p.Station 72.EM7  0.222 0.060 0.118 0.132 0.181 0.219 0.259 0.323 0.347
p.Station 73.EM7  0.030 0.022 0.004 0.006 0.014 0.025 0.039 0.069 0.083
p.Station 74.EM7  0.064 0.049 0.007 0.010 0.028 0.053 0.086 0.156 0.187
p.Station 75.EM7  0.058 0.039 0.008 0.011 0.029 0.050 0.078 0.131 0.152
p.Station 76.EM7  0.346 0.080 0.195 0.216 0.288 0.348 0.400 0.469 0.498
p.Station 77.EM7  0.346 0.078 0.196 0.215 0.291 0.350 0.397 0.466 0.495
p.Station 78.EM7  0.223 0.060 0.120 0.133 0.181 0.219 0.259 0.323 0.347
p.Station 79.EM7  0.134 0.101 0.010 0.014 0.048 0.118 0.194 0.326 0.373
p.Station 80.EM7  0.066 0.040 0.010 0.014 0.035 0.060 0.090 0.140 0.158
p.Station 82.EM7  0.077 0.047 0.011 0.015 0.042 0.070 0.105 0.163 0.186
p.Station 83.EM7  0.074 0.052 0.009 0.012 0.034 0.063 0.104 0.172 0.201
p.Station 84.EM7  0.131 0.051 0.051 0.060 0.094 0.125 0.161 0.220 0.243
p.Station 85.EM7  0.072 0.055 0.007 0.010 0.030 0.059 0.101 0.176 0.209
p.Station 86.EM7  0.574 0.097 0.365 0.400 0.511 0.588 0.641 0.716 0.745
p.Station 87.EM7  0.673 0.103 0.436 0.476 0.611 0.692 0.745 0.817 0.842
p.Station 88.EM7  0.118 0.054 0.038 0.046 0.079 0.112 0.149 0.212 0.240
p.Station 89.EM7  0.084 0.068 0.008 0.012 0.035 0.067 0.112 0.222 0.261
p.Station 90.EM7  0.086 0.069 0.008 0.011 0.035 0.068 0.116 0.227 0.265
p.Station 91.EM7  0.070 0.056 0.007 0.010 0.030 0.056 0.093 0.183 0.219
p.Station 92.EM7  0.059 0.044 0.007 0.010 0.027 0.049 0.078 0.143 0.172
p.Station 93.EM7  0.239 0.063 0.123 0.138 0.198 0.237 0.276 0.345 0.373
p.Station 94.EM7  0.135 0.053 0.053 0.062 0.097 0.129 0.166 0.229 0.255
p.Station 95.EM7  0.071 0.050 0.008 0.012 0.033 0.061 0.098 0.165 0.193
p.Station 96.EM7  0.068 0.049 0.008 0.011 0.031 0.057 0.094 0.159 0.188
p.Station 97.EM7  0.067 0.050 0.007 0.010 0.029 0.055 0.092 0.164 0.194
p.Station 98.EM7  0.066 0.042 0.009 0.013 0.034 0.059 0.090 0.144 0.165
p.Station 99.EM7  0.051 0.035 0.007 0.010 0.026 0.045 0.069 0.114 0.132
p.Station 100.EM7 0.067 0.041 0.010 0.014 0.036 0.061 0.091 0.143 0.161
p.Station 101.EM7 0.067 0.046 0.009 0.012 0.032 0.059 0.092 0.152 0.180
p.Station 102.EM7 0.078 0.052 0.010 0.014 0.039 0.069 0.107 0.176 0.200
p.Station 103.EM7 0.086 0.057 0.012 0.017 0.042 0.074 0.118 0.192 0.225
p.Station 104.EM7 0.184 0.056 0.086 0.099 0.146 0.180 0.217 0.277 0.303
p.Station 105.EM7 0.053 0.038 0.007 0.010 0.025 0.045 0.071 0.126 0.152
p.Station 106.EM7 0.088 0.051 0.015 0.020 0.049 0.080 0.118 0.181 0.204
p.Station 107.EM7 0.058 0.060 0.005 0.008 0.020 0.037 0.072 0.187 0.227
p.Station 108.EM7 0.067 0.048 0.008 0.012 0.031 0.058 0.092 0.158 0.186
p.Station 109.EM7 0.089 0.062 0.013 0.018 0.042 0.075 0.123 0.208 0.238
p.Station 110.EM7 0.074 0.054 0.008 0.011 0.032 0.062 0.103 0.177 0.209
p.Station 112.EM7 0.095 0.071 0.012 0.017 0.041 0.076 0.133 0.236 0.278
NULL
Tue Mar 28 21:58:18 EDT 2023
